2024-02-01 00:00:00 [icloud3_main:1622]  iCloud3 v3.0.rc9, Log File: Thursday, 2024-02-01 00:00:00
2024-02-01 00:00:00 [icloud3_main:1622]  Profile:
										{'version': 1, 'ic3_version': '3.0.rc9', 'version_install_date': '2024-01-12 13:32:44', 'config_update_date': '2024-01-31 17:34:14', 'event_log_card_directory': 'www/icloud3', 'event_log_card_program': 'icloud3-event-log-card.js', 'event_log_btnconfig_url': '', 'event_log_version_running': '', 'event_log_version': '3.0.16'}
2024-02-01 00:00:00 [icloud3_main:1622]  Tracking:
										{'username': 'ro.@ti.......', 'password': 'Pb..@C-.............', 'encode_password': True, 'icloud_server_endpoint_suffix': 'None', 'setup_icloud_session_early': True, 'data_source': 'famshr,iosapp', 'devices': '2'}
2024-02-01 00:00:00 [icloud3_main:1622]  General Configuration:
										{'log_level': 'info', 'unit_of_measurement': 'mi', 'time_format': '12-hour', 'display_zone_format': 'fname', 'device_tracker_state_source': 'ic3_fname', 'max_interval': 240, 'offline_interval': 20, 'exit_zone_interval': 3, 'iosapp_alive_interval': 60, 'old_location_threshold': 3, 'old_location_adjustment': 0, 'gps_accuracy_threshold': 100, 'display_gps_lat_long': True, 'travel_time_factor': 0.6, 'tfz_tracking_max_distance': 8, 'passthru_zone_time': 0.5, 'track_from_base_zone_used': True, 'track_from_base_zone': 'home', 'track_from_home_zone': True, 'center_in_zone': False, 'discard_poor_gps_inzone': False, 'distance_between_devices': True, 'inzone_intervals': {'iphone': 120, 'ipad': 120, 'watch': 15, 'airpods': 15, 'no_iosapp': 15, 'other': 120}, 'waze_used': True, 'waze_region': 'us', 'waze_min_distance': 1, 'waze_max_distance': 1000, 'waze_realtime': False, 'waze_history_database_used': True, 'waze_history_max_distance': 20, 'waze_history_track_direction': 'north_south', 'stat_zone_fname': 'StatZon#', 'stat_zone_still_time': 0, 'stat_zone_inzone_interval': 30, 'stat_zone_base_latitude': 1, 'stat_zone_base_longitude': 0, 'display_text_as': ['#1', '#2', '#3', '#4', '#5', '#6', '#7', '#8', '#9', '#10'], 'away_time_zone_1_offset': 0, 'away_time_zone_1_devices': ['none'], 'away_time_zone_2_offset': 0, 'away_time_zone_2_devices': ['none']}
2024-02-01 00:00:00 [icloud3_main:1622]  {'country_code': 'NL', 'region_code': 'GR', 'zip_code': '9713', 'region_name': 'Groningen', 'city': 'Groningen', 'time_zone': 'Europe/Amsterdam', 'latitude': 53.2264, 'longitude': 6.5828, 'use_metric': True}
2024-02-01 00:00:00 [icloud3_main:1622]  
2024-02-01 00:00:00 [icloud3_main:1622]  iCloud iPhone Rob, icloud_iphone_rob:
										{'ic3_devicename': 'icloud_iphone_rob', 'fname': 'iCloud iPhone Rob', 'picture': 'www/images/rob_icon-mirror.png', 'evlog_display_order': 0, 'unique_id': '', 'device_type': 'iphone', 'inzone_interval': 120.0, 'fixed_interval': 0.0, 'tracking_mode': 'track', 'famshr_devicename': 'iPhone rob', 'famshr_device_id': 'AdBVS1FJvAQW9121IOMF3HpA864XvajmZWb8No4QYKw4nPHzaQGn1IdLmxlf4N0OqRftkZHpfJIvSA==', 'raw_model': 'iPhone16,2', 'model': 'iPhone', 'model_display_name': 'iPhone 15 Pro Max', 'fmf_email': 'None', 'fmf_device_id': '', 'iosapp_device': 'iphone_rob', 'track_from_base_zone': 'home', 'track_from_zones': ['home'], 'log_zones': ['none'], 'old_devicename': 'icloud_iphone_rob'}
2024-02-01 00:00:00 [icloud3_main:1622]  iCloud iPhone Steffi, icloud_iphone_steffi:
										{'ic3_devicename': 'icloud_iphone_steffi', 'fname': 'iCloud iPhone Steffi', 'picture': 'www/images/steffi_icon.png', 'evlog_display_order': 0, 'unique_id': '', 'device_type': 'iphone', 'inzone_interval': 120.0, 'fixed_interval': 0.0, 'tracking_mode': 'track', 'famshr_devicename': 'iPhone Steffi', 'famshr_device_id': 'AcdXHw+2fkLzABRWwHhXKPGpAdKgnLirgN9gQIQeUyPww+gqEpMnBTruvt35MYh12un0RMSeRlQUSK4SNEL7TiXiPJp5443ZBkJtz3rRSEnrtdeb8f6KJNV/L6+VT2n0GtV7z6dEyTFy8Hvw+9ntrOeAnpN14ojGyjdrarrKvOC1yugS/vSMrg==', 'raw_model': 'iPhone12,1', 'model': 'iPhone', 'model_display_name': 'iPhone 11', 'fmf_email': 'None', 'fmf_device_id': '', 'iosapp_device': 'iphone_steffi', 'track_from_base_zone': 'home', 'track_from_zones': ['home'], 'log_zones': ['none'], 'old_devicename': 'icloud_iphone_steffi'}
2024-02-01 00:00:00 [icloud3_main:1622]  
2024-02-01 00:59:05 [pyicloud_ic3:0595]  ICLOUD > Authenticating account ro.@ti.......
2024-02-01 00:59:07 [pyicloud_ic3:0636]  ICLOUD > Authentication completed successfully, method-Token
2024-02-01 00:59:25 [determine_in:0599]  ICLOUD > icloud_iphone_rob RESULTS: From-Home > iOSAppZone-not_set, iC3Zone-home, Interval-2 hrs, TravTime-0 min, Dist-0 mi, NextUpdt-2:59:25a, MaxDist-0 mi, Dir-inZone, Moved-0m, Battery-78%, LastDataUpdate-12:59:25a, GPSAccuracy-6m, LocAge-15 secs ago, OldThreshold-2 mins, LastEvLogMsg-12:59:25a, Method-3.InHomeZone
2024-02-01 01:35:35 [pyicloud_ic3:0595]  ICLOUD > Authenticating account ro.@ti.......
2024-02-01 01:35:37 [pyicloud_ic3:0636]  ICLOUD > Authentication completed successfully, method-Token
2024-02-01 01:35:55 [determine_in:0599]  ICLOUD > icloud_iphone_steffi RESULTS: From-Home > iOSAppZone-not_set, iC3Zone-home, Interval-2 hrs, TravTime-0 min, Dist-0 mi, NextUpdt-3:35:55a, MaxDist-0 mi, Dir-inZone, Moved-0m, Battery-81%, LastDataUpdate-1:35:55a, GPSAccuracy-6m, LocAge-15 secs ago, OldThreshold-2 mins, LastEvLogMsg-1:35:55a, Method-3.InHomeZone
2024-02-01 02:59:25 [pyicloud_ic3:0595]  ICLOUD > Authenticating account ro.@ti.......
2024-02-01 02:59:27 [pyicloud_ic3:0636]  ICLOUD > Authentication completed successfully, method-Token
2024-02-01 02:59:45 [determine_in:0599]  ICLOUD > icloud_iphone_rob RESULTS: From-Home > iOSAppZone-not_set, iC3Zone-home, Interval-2 hrs, TravTime-0 min, Dist-0 mi, NextUpdt-4:59:45a, MaxDist-0 mi, Dir-inZone, Moved-0m, Battery-80%, LastDataUpdate-2:59:45a, GPSAccuracy-6m, LocAge-15 secs ago, OldThreshold-2 mins, LastEvLogMsg-2:59:45a, Method-3.InHomeZone
2024-02-01 03:35:55 [pyicloud_ic3:0595]  ICLOUD > Authenticating account ro.@ti.......
2024-02-01 03:35:56 [pyicloud_ic3:0316]  ICLOUD > iCloud Account Authentication is needed (421)
2024-02-01 03:35:59 [pyicloud_ic3:0636]  ICLOUD > Authentication completed successfully, method-Password+Token
2024-02-01 03:36:15 [determine_in:0599]  ICLOUD > icloud_iphone_steffi RESULTS: From-Home > iOSAppZone-not_set, iC3Zone-home, Interval-2 hrs, TravTime-0 min, Dist-0 mi, NextUpdt-5:36:15a, MaxDist-0 mi, Dir-inZone, Moved-0m, Battery-97%, LastDataUpdate-3:36:15a, GPSAccuracy-31m, LocAge-1 secs ago, OldThreshold-2 mins, LastEvLogMsg-3:36:15a, Method-3.InHomeZone
2024-02-01 04:59:45 [pyicloud_ic3:0595]  ICLOUD > Authenticating account ro.@ti.......
2024-02-01 04:59:47 [pyicloud_ic3:0636]  ICLOUD > Authentication completed successfully, method-Token
2024-02-01 05:00:05 [determine_in:0599]  ICLOUD > icloud_iphone_rob RESULTS: From-Home > iOSAppZone-not_set, iC3Zone-home, Interval-2 hrs, TravTime-0 min, Dist-0 mi, NextUpdt-7:00:05a, MaxDist-0 mi, Dir-inZone, Moved-0m, Battery-100%, LastDataUpdate-5:00:05a, GPSAccuracy-6m, LocAge-15 secs ago, OldThreshold-2 mins, LastEvLogMsg-5:00:05a, Method-3.InHomeZone
2024-02-01 05:36:15 [pyicloud_ic3:0595]  ICLOUD > Authenticating account ro.@ti.......
2024-02-01 05:36:17 [pyicloud_ic3:0636]  ICLOUD > Authentication completed successfully, method-Token
2024-02-01 05:36:35 [determine_in:0599]  ICLOUD > icloud_iphone_steffi RESULTS: From-Home > iOSAppZone-not_set, iC3Zone-home, Interval-2 hrs, TravTime-0 min, Dist-0 mi, NextUpdt-7:36:35a, MaxDist-0 mi, Dir-inZone, Moved-0m, Battery-100%, LastDataUpdate-5:36:35a, GPSAccuracy-10m, LocAge-15 secs ago, OldThreshold-2 mins, LastEvLogMsg-5:36:35a, Method-3.InHomeZone
2024-02-01 07:00:05 [pyicloud_ic3:0595]  ICLOUD > Authenticating account ro.@ti.......
2024-02-01 07:00:08 [pyicloud_ic3:0636]  ICLOUD > Authentication completed successfully, method-Token
2024-02-01 07:00:25 [determine_in:0599]  ICLOUD > icloud_iphone_rob RESULTS: From-Home > iOSAppZone-not_set, iC3Zone-home, Interval-2 hrs, TravTime-0 min, Dist-0 mi, NextUpdt-9:00:25a, MaxDist-0 mi, Dir-inZone, Moved-0m, Battery-90%, LastDataUpdate-7:00:25a, GPSAccuracy-16m, LocAge-6 secs ago, OldThreshold-2 mins, LastEvLogMsg-7:00:25a, Method-3.InHomeZone
2024-02-01 07:36:35 [pyicloud_ic3:0595]  ICLOUD > Authenticating account ro.@ti.......
2024-02-01 07:36:37 [pyicloud_ic3:0636]  ICLOUD > Authentication completed successfully, method-Token
2024-02-01 07:36:55 [determine_in:0599]  ICLOUD > icloud_iphone_steffi RESULTS: From-Home > iOSAppZone-not_set, iC3Zone-home, Interval-2 hrs, TravTime-0 min, Dist-0 mi, NextUpdt-9:36:55a, MaxDist-0 mi, Dir-inZone, Moved-0m, Battery-100%, LastDataUpdate-7:36:55a, GPSAccuracy-10m, LocAge-14 secs ago, OldThreshold-2 mins, LastEvLogMsg-7:36:55a, Method-3.InHomeZone
2024-02-01 09:00:25 [pyicloud_ic3:0595]  ICLOUD > Authenticating account ro.@ti.......
2024-02-01 09:00:27 [pyicloud_ic3:0636]  ICLOUD > Authentication completed successfully, method-Token
2024-02-01 09:00:45 [determine_in:0599]  ICLOUD > icloud_iphone_rob RESULTS: From-Home > iOSAppZone-not_set, iC3Zone-home, Interval-2 hrs, TravTime-0 min, Dist-0 mi, NextUpdt-11:00:45a, MaxDist-0 mi, Dir-inZone, Moved-0m, Battery-62%, LastDataUpdate-9:00:45a, GPSAccuracy-6m, LocAge-15 secs ago, OldThreshold-2 mins, LastEvLogMsg-9:00:45a, Method-3.InHomeZone
2024-02-01 09:36:55 [pyicloud_ic3:0595]  ICLOUD > Authenticating account ro.@ti.......
2024-02-01 09:36:57 [pyicloud_ic3:0636]  ICLOUD > Authentication completed successfully, method-Token
2024-02-01 09:37:16 [determine_in:0599]  ICLOUD > icloud_iphone_steffi RESULTS: From-Home > iOSAppZone-not_set, iC3Zone-cjg, Interval-2 hrs, TravTime-0 min, Dist-1.09 mi, NextUpdt-11:37:15a, MaxDist-0 mi, Dir-inZone, Moved-0m, Battery-98%, LastDataUpdate-9:37:15a, GPSAccuracy-28m, LocAge-15 secs ago, OldThreshold-2 mins, LastEvLogMsg-9:37:16a, Method-1.EnterZone
2024-02-01 11:00:45 [pyicloud_ic3:0595]  ICLOUD > Authenticating account ro.@ti.......
2024-02-01 11:00:47 [pyicloud_ic3:0636]  ICLOUD > Authentication completed successfully, method-Token
2024-02-01 11:01:06 [determine_in:0599]  ICLOUD > icloud_iphone_rob RESULTS: From-Home > iOSAppZone-not_set, iC3Zone-not_home, Interval-3 mins, TravTime-0 min, Dist-10.1 mi, NextUpdt-11:04:05a, MaxDist-0 mi, Dir-Stationary, Moved-0m, Battery-56%, LastDataUpdate-11:01:05a, GPSAccuracy-35m, LocAge-16 secs ago, OldThreshold-2 mins, LastEvLogMsg-11:01:06a, Method-2.ExitZone
2024-02-01 11:04:06 [determine_in:0599]  ICLOUD > icloud_iphone_rob RESULTS: From-Home > iOSAppZone-not_set, iC3Zone-not_home, Interval-10 mins, TravTime-0 min, Dist-10.1 mi, NextUpdt-11:14:05a, MaxDist-0 mi, Dir-Stationary, Moved-0m, Battery-56%, LastDataUpdate-11:04:05a, GPSAccuracy-35m, LocAge-1 min ago, OldThreshold-3 mins, LastEvLogMsg-11:04:06a, Method-<20km
2024-02-01 11:14:11 [determine_in:0599]  ICLOUD > icloud_iphone_rob RESULTS: From-Home > iOSAppZone-not_set, iC3Zone-not_home, Interval-10 mins, TravTime-0 min, Dist-10.1 mi, NextUpdt-11:24:10a, MaxDist-0 mi, Dir-Stationary, Moved-0m, Battery-56%, LastDataUpdate-11:14:10a, GPSAccuracy-35m, LocAge-2 secs ago, OldThreshold-3 mins, LastEvLogMsg-11:14:11a, Method-<20km
2024-02-01 11:24:16 [determine_in:0599]  ICLOUD > icloud_iphone_rob RESULTS: From-Home > iOSAppZone-not_set, iC3Zone-not_home, Interval-10 mins, TravTime-0 min, Dist-10.1 mi, NextUpdt-11:34:15a, MaxDist-0 mi, Dir-Stationary, Moved-0m, Battery-55%, LastDataUpdate-11:24:15a, GPSAccuracy-35m, LocAge-2 secs ago, OldThreshold-3 mins, LastEvLogMsg-11:24:16a, Method-<20km
2024-02-01 11:34:21 [determine_in:0599]  ICLOUD > icloud_iphone_rob RESULTS: From-Home > iOSAppZone-not_set, iC3Zone-not_home, Interval-10 mins, TravTime-0 min, Dist-10.1 mi, NextUpdt-11:44:20a, MaxDist-0 mi, Dir-Stationary, Moved-0m, Battery-54%, LastDataUpdate-11:34:20a, GPSAccuracy-35m, LocAge-2 secs ago, OldThreshold-3 mins, LastEvLogMsg-11:34:21a, Method-<20km
2024-02-01 11:37:22 [determine_in:0599]  ICLOUD > icloud_iphone_steffi RESULTS: From-Home > iOSAppZone-not_set, iC3Zone-cjg, Interval-2 hrs, TravTime-0 min, Dist-1.09 mi, NextUpdt-1:37:20p, MaxDist-0 mi, Dir-inZone, Moved-0m, Battery-93%, LastDataUpdate-11:37:15a, GPSAccuracy-28m, LocAge-3 mins ago, OldThreshold-3 mins, LastEvLogMsg-11:37:22a, Method-3.InZone
2024-02-01 11:44:26 [determine_in:0599]  ICLOUD > icloud_iphone_rob RESULTS: From-Home > iOSAppZone-not_set, iC3Zone-not_home, Interval-10 mins, TravTime-0 min, Dist-10.1 mi, NextUpdt-11:54:25a, MaxDist-0 mi, Dir-Stationary, Moved-0m, Battery-52%, LastDataUpdate-11:44:25a, GPSAccuracy-35m, LocAge-2 secs ago, OldThreshold-3 mins, LastEvLogMsg-11:44:26a, Method-<20km
2024-02-01 11:54:46 [determine_in:0599]  ICLOUD > icloud_iphone_rob RESULTS: From-Home > iOSAppZone-not_set, iC3Zone-not_home, Interval-10 mins, TravTime-0 min, Dist-10.1 mi, NextUpdt-12:04:45p, MaxDist-0 mi, Dir-Stationary, Moved-0m, Battery-51%, LastDataUpdate-11:54:45a, GPSAccuracy-35m, LocAge-9 secs ago, OldThreshold-3 mins, LastEvLogMsg-11:54:46a, Method-<20km
2024-02-01 12:04:51 [determine_in:0599]  ICLOUD > icloud_iphone_rob RESULTS: From-Home > iOSAppZone-not_set, iC3Zone-not_home, Interval-10 mins, TravTime-0 min, Dist-10.1 mi, NextUpdt-12:14:50p, MaxDist-0 mi, Dir-Stationary, Moved-0m, Battery-51%, LastDataUpdate-12:04:50p, GPSAccuracy-35m, LocAge-2 secs ago, OldThreshold-3 mins, LastEvLogMsg-12:04:51p, Method-<20km
2024-02-01 12:15:11 [determine_in:0599]  ICLOUD > icloud_iphone_rob RESULTS: From-Home > iOSAppZone-not_set, iC3Zone-not_home, Interval-10 mins, TravTime-0 min, Dist-10.1 mi, NextUpdt-12:25:10p, MaxDist-0 mi, Dir-Stationary, Moved-0m, Battery-50%, LastDataUpdate-12:15:10p, GPSAccuracy-35m, LocAge-8 secs ago, OldThreshold-3 mins, LastEvLogMsg-12:15:11p, Method-<20km
2024-02-01 12:25:16 [determine_in:0599]  ICLOUD > icloud_iphone_rob RESULTS: From-Home > iOSAppZone-not_set, iC3Zone-not_home, Interval-10 mins, TravTime-0 min, Dist-10.1 mi, NextUpdt-12:35:15p, MaxDist-0 mi, Dir-Stationary, Moved-0m, Battery-49%, LastDataUpdate-12:25:15p, GPSAccuracy-35m, LocAge-3 secs ago, OldThreshold-3 mins, LastEvLogMsg-12:25:16p, Method-<20km
2024-02-01 12:35:21 [determine_in:0599]  ICLOUD > icloud_iphone_rob RESULTS: From-Home > iOSAppZone-not_set, iC3Zone-not_home, Interval-10 mins, TravTime-0 min, Dist-10.1 mi, NextUpdt-12:45:20p, MaxDist-0 mi, Dir-Stationary, Moved-0m, Battery-49%, LastDataUpdate-12:35:20p, GPSAccuracy-35m, LocAge-2 secs ago, OldThreshold-3 mins, LastEvLogMsg-12:35:21p, Method-<20km
2024-02-01 12:45:26 [determine_in:0599]  ICLOUD > icloud_iphone_rob RESULTS: From-Home > iOSAppZone-not_set, iC3Zone-not_home, Interval-10 mins, TravTime-0 min, Dist-10.1 mi, NextUpdt-12:55:25p, MaxDist-0 mi, Dir-Stationary, Moved-0m, Battery-48%, LastDataUpdate-12:45:25p, GPSAccuracy-35m, LocAge-2 secs ago, OldThreshold-3 mins, LastEvLogMsg-12:45:26p, Method-<20km
2024-02-01 12:55:45 [determine_in:0748]  ICLOUD > icloud_iphone_rob Old Location/Other Error-Location Old #3 > 8 mins ago, RetryAt-12:56:00p (15 secs)
2024-02-01 12:56:00 [determine_in:0748]  ICLOUD > icloud_iphone_rob Old Location/Other Error-Location Old #4 > 9 mins ago, RetryAt-12:56:30p (30 secs)
2024-02-01 12:56:30 [determine_in:0748]  ICLOUD > icloud_iphone_rob Old Location/Other Error-Location Old #5 > 9 mins ago, RetryAt-12:57:00p (30 secs)
2024-02-01 12:57:00 [determine_in:0748]  ICLOUD > icloud_iphone_rob Old Location/Other Error-Location Old #6 > 10 mins ago, RetryAt-12:57:30p (30 secs)
2024-02-01 12:57:31 [determine_in:0599]  ICLOUD > icloud_iphone_rob RESULTS: From-Home > iOSAppZone-not_set, iC3Zone-not_home, Interval-10 mins, TravTime-0 min, Dist-10.1 mi, NextUpdt-1:07:30p, MaxDist-0 mi, Dir-Stationary, Moved-0m, Battery-45%, LastDataUpdate-12:57:30p, GPSAccuracy-35m, LocAge-5 secs ago, OldThreshold-3 mins, LastEvLogMsg-12:57:31p, Method-<20km
2024-02-01 13:07:50 [determine_in:0748]  ICLOUD > icloud_iphone_rob Old Location/Other Error-Location Old #3 > 8 mins ago, RetryAt-1:08:05p (15 secs)
2024-02-01 13:08:05 [determine_in:0748]  ICLOUD > icloud_iphone_rob Old Location/Other Error-Location Old #4 > 9 mins ago, RetryAt-1:08:35p (30 secs)
2024-02-01 13:08:35 [determine_in:0748]  ICLOUD > icloud_iphone_rob Old Location/Other Error-Location Old #5 > 9 mins ago, RetryAt-1:09:05p (30 secs)
2024-02-01 13:09:05 [determine_in:0748]  ICLOUD > icloud_iphone_rob Old Location/Other Error-Location Old #6 > 10 mins ago, RetryAt-1:09:35p (30 secs)
2024-02-01 13:09:36 [determine_in:0599]  ICLOUD > icloud_iphone_rob RESULTS: From-Home > iOSAppZone-not_set, iC3Zone-not_home, Interval-10 mins, TravTime-0 min, Dist-10.1 mi, NextUpdt-1:19:35p, MaxDist-0 mi, Dir-Stationary, Moved-0m, Battery-44%, LastDataUpdate-1:09:35p, GPSAccuracy-25m, LocAge-4 secs ago, OldThreshold-3 mins, LastEvLogMsg-1:09:36p, Method-<20km
2024-02-01 13:19:41 [determine_in:0599]  ICLOUD > icloud_iphone_rob RESULTS: From-Home > iOSAppZone-not_set, iC3Zone-not_home, Interval-10 mins, TravTime-0 min, Dist-10.0 mi, NextUpdt-1:29:40p, MaxDist-0 mi, Dir-Stationary, Moved-0m, Battery-43%, LastDataUpdate-1:19:40p, GPSAccuracy-10m, LocAge-3 secs ago, OldThreshold-3 mins, LastEvLogMsg-1:19:41p, Method-<20km
2024-02-01 13:30:01 [determine_in:0748]  ICLOUD > icloud_iphone_rob Old Location/Other Error-Location Old #3 > 10 mins ago, RetryAt-1:30:15p (15 secs)
2024-02-01 13:30:15 [determine_in:0748]  ICLOUD > icloud_iphone_rob Old Location/Other Error-Location Old #4 > 11 mins ago, RetryAt-1:30:45p (30 secs)
2024-02-01 13:30:45 [determine_in:0748]  ICLOUD > icloud_iphone_rob Old Location/Other Error-Location Old #5 > 11 mins ago, RetryAt-1:31:15p (30 secs)
2024-02-01 13:31:15 [determine_in:0748]  ICLOUD > icloud_iphone_rob Old Location/Other Error-Location Old #6 > 12 mins ago, RetryAt-1:31:45p (30 secs)
2024-02-01 13:31:45 [determine_in:0748]  ICLOUD > icloud_iphone_rob Old Location/Other Error-Location Old #7 > 12 mins ago, RetryAt-1:32:15p (30 secs)
2024-02-01 13:32:15 [determine_in:0748]  ICLOUD > icloud_iphone_rob Old Location/Other Error-Location Old #8 > 13 mins ago, RetryAt-1:33:15p (1 min)
2024-02-01 13:33:16 [determine_in:0599]  ICLOUD > icloud_iphone_rob RESULTS: From-Home > iOSAppZone-not_set, iC3Zone-maxxton, Interval-2 hrs, TravTime-0 min, Dist-12.8 mi, NextUpdt-3:33:15p, MaxDist-0 mi, Dir-inZone, Moved-0m, Battery-42%, LastDataUpdate-1:33:15p, GPSAccuracy-9m, LocAge-50 secs ago, OldThreshold-3 mins, LastEvLogMsg-1:33:16p, Method-1.EnterZone
2024-02-01 13:37:26 [determine_in:0599]  ICLOUD > icloud_iphone_steffi RESULTS: From-Home > iOSAppZone-not_set, iC3Zone-cjg, Interval-2 hrs, TravTime-0 min, Dist-1.09 mi, NextUpdt-3:37:25p, MaxDist-0 mi, Dir-inZone, Moved-0m, Battery-87%, LastDataUpdate-1:37:25p, GPSAccuracy-28m, LocAge-2 secs ago, OldThreshold-2 mins, LastEvLogMsg-1:37:26p, Method-3.InZone
2024-02-01 15:33:15 [pyicloud_ic3:0595]  ICLOUD > Authenticating account ro.@ti.......
2024-02-01 15:33:16 [pyicloud_ic3:0316]  ICLOUD > iCloud Account Authentication is needed (421)
2024-02-01 15:33:18 [pyicloud_ic3:0636]  ICLOUD > Authentication completed successfully, method-Password+Token
2024-02-01 15:33:36 [determine_in:0599]  ICLOUD > icloud_iphone_rob RESULTS: From-Home > iOSAppZone-not_set, iC3Zone-maxxton, Interval-2 hrs, TravTime-0 min, Dist-12.8 mi, NextUpdt-5:33:35p, MaxDist-0 mi, Dir-inZone, Moved-0m, Battery-89%, LastDataUpdate-3:33:35p, GPSAccuracy-6m, LocAge-13 secs ago, OldThreshold-2 mins, LastEvLogMsg-3:33:36p, Method-3.InZone
2024-02-01 15:37:31 [determine_in:0599]  ICLOUD > icloud_iphone_steffi RESULTS: From-Home > iOSAppZone-not_set, iC3Zone-cjg, Interval-2 hrs, TravTime-0 min, Dist-1.09 mi, NextUpdt-5:37:30p, MaxDist-0 mi, Dir-inZone, Moved-0m, Battery-81%, LastDataUpdate-3:37:30p, GPSAccuracy-28m, LocAge-2 secs ago, OldThreshold-2 mins, LastEvLogMsg-3:37:31p, Method-3.InZone
2024-02-01 17:33:35 [pyicloud_ic3:0595]  ICLOUD > Authenticating account ro.@ti.......
2024-02-01 17:33:37 [pyicloud_ic3:0636]  ICLOUD > Authentication completed successfully, method-Token
2024-02-01 17:33:56 [determine_in:0599]  ICLOUD > icloud_iphone_rob RESULTS: From-Home > iOSAppZone-not_set, iC3Zone-not_home, Interval-3 mins, TravTime-0 min, Dist-12.2 mi, NextUpdt-5:36:55p, MaxDist-0 mi, Dir-Stationary, Moved-0m, Battery-100%, LastDataUpdate-5:33:55p, GPSAccuracy-10m, LocAge-14 secs ago, OldThreshold-2 mins, LastEvLogMsg-5:33:56p, Method-2.ExitZone
2024-02-01 17:36:56 [determine_in:0599]  ICLOUD > icloud_iphone_rob RESULTS: From-Home > iOSAppZone-not_set, iC3Zone-not_home, Interval-10 mins, TravTime-0 min, Dist-12.1 mi, NextUpdt-5:46:55p, MaxDist-0 mi, Dir-Stationary, Moved-0m, Battery-100%, LastDataUpdate-5:36:55p, GPSAccuracy-10m, LocAge-3 mins ago, OldThreshold-3 mins, LastEvLogMsg-5:36:56p, Method-<20km
2024-02-01 17:37:30 [determine_in:0599]  ICLOUD > icloud_iphone_steffi RESULTS: From-Home > iOSAppZone-not_set, iC3Zone-home, Interval-2 hrs, TravTime-0 min, Dist-0 mi, NextUpdt-7:37:30p, MaxDist-0 mi, Dir-inZone, Moved-0m, Battery-73%, LastDataUpdate-5:37:30p, GPSAccuracy-10m, LocAge-32 secs ago, OldThreshold-3 mins, LastEvLogMsg-5:37:30p, Method-1.EnterZone
2024-02-01 17:47:16 [determine_in:0599]  ICLOUD > icloud_iphone_rob RESULTS: From-Home > iOSAppZone-not_set, iC3Zone-not_home, Interval-2 mins, TravTime-0 min, Dist-1.50 mi, NextUpdt-5:48:45p, MaxDist-0 mi, Dir-Stationary, Moved-0m, Battery-100%, LastDataUpdate-5:47:15p, GPSAccuracy-10m, LocAge-11 secs ago, OldThreshold-3 mins, LastEvLogMsg-5:47:16p, Method-<3.5km
2024-02-01 17:48:51 [determine_in:0599]  ICLOUD > icloud_iphone_rob RESULTS: From-Home > iOSAppZone-not_set, iC3Zone-not_home, Interval-15 secs, TravTime-0 min, Dist-0.98 mi, NextUpdt-5:49:05p, MaxDist-0 mi, Dir-Stationary, Moved-0m, Battery-100%, LastDataUpdate-5:48:50p, GPSAccuracy-10m, LocAge-3 secs ago, OldThreshold-1 min, LastEvLogMsg-5:48:51p, Method-<2km
2024-02-01 17:49:12 [determine_in:0599]  ICLOUD > icloud_iphone_rob RESULTS: From-Home > iOSAppZone-not_set, iC3Zone-not_home, Interval-15 secs, TravTime-0 min, Dist-0.98 mi, NextUpdt-5:49:25p, MaxDist-0 mi, Dir-Stationary, Moved-0m, Battery-100%, LastDataUpdate-5:49:05p, GPSAccuracy-10m, LocAge-18 secs ago, OldThreshold-1 min, LastEvLogMsg-5:49:12p, Method-<2km
2024-02-01 17:49:26 [determine_in:0599]  ICLOUD > icloud_iphone_rob RESULTS: From-Home > iOSAppZone-not_set, iC3Zone-not_home, Interval-15 secs, TravTime-0 min, Dist-0.96 mi, NextUpdt-5:49:40p, MaxDist-0 mi, Dir-Stationary, Moved-0m, Battery-100%, LastDataUpdate-5:49:25p, GPSAccuracy-10m, LocAge-17 secs ago, OldThreshold-1 min, LastEvLogMsg-5:49:26p, Method-<2km
2024-02-01 17:49:45 [icloud3_main:0219]  ICLOUD > Waiting for iCloud Account Authentication, Requested at 1.0 days ago
2024-02-01 17:49:47 [determine_in:0599]  ICLOUD > icloud_iphone_rob RESULTS: From-Home > iOSAppZone-not_set, iC3Zone-not_home, Interval-15 secs, TravTime-0 min, Dist-0.90 mi, NextUpdt-5:50:00p, MaxDist-0 mi, Dir-Stationary, Moved-0m, Battery-100%, LastDataUpdate-5:49:40p, GPSAccuracy-10m, LocAge-18 secs ago, OldThreshold-1 min, LastEvLogMsg-5:49:47p, Method-<2km
2024-02-01 17:50:01 [determine_in:0599]  ICLOUD > icloud_iphone_rob RESULTS: From-Home > iOSAppZone-not_set, iC3Zone-not_home, Interval-15 secs, TravTime-0 min, Dist-0.78 mi, NextUpdt-5:50:15p, MaxDist-0 mi, Dir-Stationary, Moved-0m, Battery-100%, LastDataUpdate-5:50:00p, GPSAccuracy-10m, LocAge-17 secs ago, OldThreshold-1 min, LastEvLogMsg-5:50:01p, Method-<2km
2024-02-01 17:50:16 [determine_in:0599]  ICLOUD > icloud_iphone_rob RESULTS: From-Home > iOSAppZone-not_set, iC3Zone-not_home, Interval-15 secs, TravTime-0 min, Dist-0.67 mi, NextUpdt-5:50:30p, MaxDist-0 mi, Dir-Stationary, Moved-0m, Battery-100%, LastDataUpdate-5:50:15p, GPSAccuracy-10m, LocAge-12 secs ago, OldThreshold-1 min, LastEvLogMsg-5:50:16p, Method-<2km
2024-02-01 17:50:30 [determine_in:0599]  ICLOUD > icloud_iphone_rob RESULTS: From-Home > iOSAppZone-not_set, iC3Zone-not_home, Interval-15 secs, TravTime-0 min, Dist-0.58 mi, NextUpdt-5:50:45p, MaxDist-0 mi, Dir-Stationary, Moved-0m, Battery-100%, LastDataUpdate-5:50:30p, GPSAccuracy-10m, LocAge-12 secs ago, OldThreshold-1 min, LastEvLogMsg-5:50:30p, Method-<2km
2024-02-01 17:50:45 [determine_in:0599]  ICLOUD > icloud_iphone_rob RESULTS: From-Home > iOSAppZone-not_set, iC3Zone-not_home, Interval-15 secs, TravTime-0 min, Dist-0.48 mi, NextUpdt-5:51:00p, MaxDist-0 mi, Dir-Stationary, Moved-0m, Battery-100%, LastDataUpdate-5:50:45p, GPSAccuracy-10m, LocAge-12 secs ago, OldThreshold-1 min, LastEvLogMsg-5:50:45p, Method-<2km
2024-02-01 17:51:00 [determine_in:0599]  ICLOUD > icloud_iphone_rob RESULTS: From-Home > iOSAppZone-not_set, iC3Zone-not_home, Interval-15 secs, TravTime-0 min, Dist-0.42 mi, NextUpdt-5:51:15p, MaxDist-0 mi, Dir-Stationary, Moved-0m, Battery-100%, LastDataUpdate-5:51:00p, GPSAccuracy-10m, LocAge-12 secs ago, OldThreshold-1 min, LastEvLogMsg-5:51:00p, Method-<2km
2024-02-01 17:51:15 [determine_in:0599]  ICLOUD > icloud_iphone_rob RESULTS: From-Home > iOSAppZone-not_set, iC3Zone-not_home, Interval-15 secs, TravTime-0 min, Dist-0.38 mi, NextUpdt-5:51:30p, MaxDist-0 mi, Dir-Stationary, Moved-0m, Battery-100%, LastDataUpdate-5:51:15p, GPSAccuracy-10m, LocAge-12 secs ago, OldThreshold-1 min, LastEvLogMsg-5:51:15p, Method-<2km
2024-02-01 17:51:30 [determine_in:0599]  ICLOUD > icloud_iphone_rob RESULTS: From-Home > iOSAppZone-not_set, iC3Zone-not_home, Interval-15 secs, TravTime-0 min, Dist-0.29 mi, NextUpdt-5:51:45p, MaxDist-0 mi, Dir-Stationary, Moved-0m, Battery-100%, LastDataUpdate-5:51:30p, GPSAccuracy-10m, LocAge-12 secs ago, OldThreshold-1 min, LastEvLogMsg-5:51:30p, Method-<2km
2024-02-01 17:51:45 [determine_in:0599]  ICLOUD > icloud_iphone_rob RESULTS: From-Home > iOSAppZone-not_set, iC3Zone-not_home, Interval-15 secs, TravTime-0 min, Dist-0.22 mi, NextUpdt-5:52:00p, MaxDist-0 mi, Dir-Stationary, Moved-0m, Battery-100%, LastDataUpdate-5:51:45p, GPSAccuracy-10m, LocAge-12 secs ago, OldThreshold-1 min, LastEvLogMsg-5:51:45p, Method-<2km
2024-02-01 17:52:00 [determine_in:0599]  ICLOUD > icloud_iphone_rob RESULTS: From-Home > iOSAppZone-not_set, iC3Zone-not_home, Interval-15 secs, TravTime-0 min, Dist-0.18 mi, NextUpdt-5:52:15p, MaxDist-0 mi, Dir-Stationary, Moved-0m, Battery-100%, LastDataUpdate-5:52:00p, GPSAccuracy-10m, LocAge-12 secs ago, OldThreshold-1 min, LastEvLogMsg-5:52:00p, Method-<2km
2024-02-01 17:52:15 [determine_in:0599]  ICLOUD > icloud_iphone_rob RESULTS: From-Home > iOSAppZone-not_set, iC3Zone-not_home, Interval-15 secs, TravTime-0 min, Dist-0.09 mi, NextUpdt-5:52:30p, MaxDist-0 mi, Dir-Stationary, Moved-0m, Battery-100%, LastDataUpdate-5:52:15p, GPSAccuracy-10m, LocAge-12 secs ago, OldThreshold-1 min, LastEvLogMsg-5:52:15p, Method-<2km
2024-02-01 17:52:30 [determine_in:0599]  ICLOUD > icloud_iphone_rob RESULTS: From-Home > iOSAppZone-not_set, iC3Zone-home, Interval-2 hrs, TravTime-0 min, Dist-0 mi, NextUpdt-7:52:30p, MaxDist-0 mi, Dir-inZone, Moved-0m, Battery-100%, LastDataUpdate-5:52:30p, GPSAccuracy-10m, LocAge-12 secs ago, OldThreshold-1 min, LastEvLogMsg-5:52:30p, Method-1.EnterZone
2024-02-01 19:37:30 [pyicloud_ic3:0595]  ICLOUD > Authenticating account ro.@ti.......
2024-02-01 19:37:32 [pyicloud_ic3:0636]  ICLOUD > Authentication completed successfully, method-Token
2024-02-01 19:37:50 [determine_in:0599]  ICLOUD > icloud_iphone_steffi RESULTS: From-Home > iOSAppZone-not_set, iC3Zone-home, Interval-2 hrs, TravTime-0 min, Dist-0 mi, NextUpdt-9:37:50p, MaxDist-0 mi, Dir-inZone, Moved-0m, Battery-60%, LastDataUpdate-7:37:50p, GPSAccuracy-11m, LocAge-2 secs ago, OldThreshold-2 mins, LastEvLogMsg-7:37:50p, Method-3.InHomeZone
2024-02-01 19:52:35 [determine_in:0599]  ICLOUD > icloud_iphone_rob RESULTS: From-Home > iOSAppZone-not_set, iC3Zone-home, Interval-2 hrs, TravTime-0 min, Dist-0 mi, NextUpdt-9:52:35p, MaxDist-0 mi, Dir-inZone, Moved-0m, Battery-71%, LastDataUpdate-7:52:35p, GPSAccuracy-9m, LocAge-2 secs ago, OldThreshold-2 mins, LastEvLogMsg-7:52:35p, Method-3.InHomeZone
2024-02-01 21:37:50 [pyicloud_ic3:0595]  ICLOUD > Authenticating account ro.@ti.......
2024-02-01 21:37:52 [pyicloud_ic3:0636]  ICLOUD > Authentication completed successfully, method-Token
2024-02-01 21:38:10 [determine_in:0599]  ICLOUD > icloud_iphone_steffi RESULTS: From-Home > iOSAppZone-not_set, iC3Zone-home, Interval-2 hrs, TravTime-0 min, Dist-0 mi, NextUpdt-11:38:10p, MaxDist-0 mi, Dir-inZone, Moved-0m, Battery-57%, LastDataUpdate-9:38:10p, GPSAccuracy-10m, LocAge-15 secs ago, OldThreshold-2 mins, LastEvLogMsg-9:38:10p, Method-3.InHomeZone
2024-02-01 21:52:40 [determine_in:0599]  ICLOUD > icloud_iphone_rob RESULTS: From-Home > iOSAppZone-not_set, iC3Zone-home, Interval-2 hrs, TravTime-0 min, Dist-0 mi, NextUpdt-11:52:40p, MaxDist-0 mi, Dir-inZone, Moved-0m, Battery-92%, LastDataUpdate-9:52:40p, GPSAccuracy-9m, LocAge-3 secs ago, OldThreshold-2 mins, LastEvLogMsg-9:52:40p, Method-3.InHomeZone
2024-02-01 23:38:10 [pyicloud_ic3:0595]  ICLOUD > Authenticating account ro.@ti.......
2024-02-01 23:38:11 [pyicloud_ic3:0316]  ICLOUD > iCloud Account Authentication is needed (421)
2024-02-01 23:38:14 [pyicloud_ic3:0636]  ICLOUD > Authentication completed successfully, method-Password+Token
2024-02-01 23:38:30 [determine_in:0599]  ICLOUD > icloud_iphone_steffi RESULTS: From-Home > iOSAppZone-not_set, iC3Zone-home, Interval-2 hrs, TravTime-0 min, Dist-0 mi, NextUpdt-1:38:30a, MaxDist-0 mi, Dir-inZone, Moved-0m, Battery-81%, LastDataUpdate-11:38:30p, GPSAccuracy-5m, LocAge-13 secs ago, OldThreshold-2 mins, LastEvLogMsg-11:38:30p, Method-3.InHomeZone
2024-02-01 23:52:45 [determine_in:0599]  ICLOUD > icloud_iphone_rob RESULTS: From-Home > iOSAppZone-not_set, iC3Zone-home, Interval-2 hrs, TravTime-0 min, Dist-0 mi, NextUpdt-1:52:45a, MaxDist-0 mi, Dir-inZone, Moved-0m, Battery-100%, LastDataUpdate-11:52:45p, GPSAccuracy-9m, LocAge-2 secs ago, OldThreshold-2 mins, LastEvLogMsg-11:52:45p, Method-3.InHomeZone
