12-07 00:00:00  
                         ⛔━━━━━━━━━━━━━━━━━━━━━━━━━━━━━━━━━━━━━━━━━━━━━━━━━━
                         ⛔    iCloud3 v3.1.3, Saturday, 2024-12-07 00:00:00
                         ⛔━━━━━━━━━━━━━━━━━━━━━━━━━━━━━━━━━━━━━━━━━━━━━━━━━━
12-07 00:00:00 _INIT_  Profile:
                         {'version': 1, 'ic3_version': '3.1.3', 'version_install_date': '2024-11-10 08:21:49', 'config_update_date': '2024-12-05 20:45:00', 'event_log_card_directory': 'www/icloud3', 'event_log_card_program': 'icloud3-event-log-card.js', 'event_log_btnconfig_url': '', 'event_log_version_running': '', 'event_log_version': '3.1', 'picture_www_dirs': []}
12-07 00:00:00 _INIT_  Tracking:
                         {'username': 'rob@…………', 'password': '««..............................', 'encode_password': True, 'icloud_server_endpoint_suffix': 'None', 'setup_icloud_session_early': True, 'data_source': 'iCloud,MobApp', 'apple_accounts': [{'username': 'rob@…………', 'password': '…………', 'totp_key': '', 'locate_all': True}], 'devices': '2'}
12-07 00:00:00 _INIT_  Apple Accounts:
                         [{'username': 'rob@…………', 'password': '…………', 'totp_key': '', 'locate_all': True}]
12-07 00:00:00 _INIT_  General Configuration:
                         {'log_level': 'info', 'unit_of_measurement': 'mi', 'time_format': '12-hour', 'display_zone_format': 'fname', 'device_tracker_state_source': 'ic3_fname', 'max_interval': 240, 'offline_interval': 20, 'exit_zone_interval': 3, 'old_location_threshold': 3, 'old_location_adjustment': 0, 'gps_accuracy_threshold': 100, 'display_gps_lat_long': True, 'travel_time_factor': 0.66, 'tfz_tracking_max_distance': 8, 'passthru_zone_time': 0.5, 'track_from_base_zone_used': True, 'track_from_base_zone': 'home', 'track_from_home_zone': True, 'center_in_zone': False, 'discard_poor_gps_inzone': False, 'distance_between_devices': True, 'inzone_intervals': {'iphone': 120, 'ipad': 120, 'watch': 15, 'airpods': 15, 'other': 120, 'no_mobapp': 15}, 'waze_used': True, 'waze_region': 'us', 'waze_min_distance': 1, 'waze_max_distance': 1000, 'waze_realtime': False, 'waze_history_database_used': True, 'waze_history_max_distance': 20, 'waze_history_track_direction': 'north_south', 'stat_zone_fname': 'StatZon#', 'stat_zone_still_time': 0, 'stat_zone_inzone_interval': 30, 'stat_zone_base_latitude': 1, 'stat_zone_base_longitude': 0, 'display_text_as': ['#1', '#2', '#3', '#4', '#5', '#6', '#7', '#8', '#9', '#10'], 'away_time_zone_1_offset': 0, 'away_time_zone_1_devices': ['none'], 'away_time_zone_2_offset': 0, 'away_time_zone_2_devices': ['none'], 'mobapp_alive_interval': 60, 'log_level_devices': ['all']}
                         {'country_code': 'NL', 'region_code': 'ZE', 'zip_code': '4461', 'region_name': 'Zeeland', 'city': 'Goes', 'time_zone': 'Europe/Amsterdam', 'latitude': 51.5036, 'longitude': 3.8932, 'use_metric': True}
12-07 00:00:00 _INIT_  
12-07 00:00:00 _INIT_  iCloud iPhone Rob, icloud_iphone_rob:
                         {'ic3_devicename': 'icloud_iphone_rob', 'fname': 'iCloud iPhone Rob', 'picture': 'www/images/rob_icon-mirror.png', 'device_type': 'iphone', 'inzone_interval': 120.0, 'fixed_interval': 0.0, 'tracking_mode': 'track', 'apple_account': 'rob@…………', 'famshr_devicename': 'iPhone', 'famshr_device_id': 'AXP0OzQSJu1VO8VbGPSImp5vhzxtZfCw9ONzn/mCa5fKv/vjX5YUymdzWb/6auKfuKE39ooXyoW91UknyEi/BXTikmR0aNgicW+NXtYS/yA8ZhoDJh3g/8AebJ7gtvhj0xJCb7AyIxKKXxRNgaRV0Rci+NFZQl72Soc3FgSvaqXW03UaBdnb5w==', 'raw_model': 'iPhone16,2', 'model': 'iPhone', 'model_display_name': 'iPhone16,2', 'fmf_email': 'None', 'fmf_device_id': '', 'track_from_base_zone': 'home', 'track_from_zones': ['home'], 'log_zones': ['none'], 'mobile_app_device': 'iphone_rob'}
12-07 00:00:00 _INIT_  icloud_iphone_steffi, icloud_iphone_steffi:
                         {'ic3_devicename': 'icloud_iphone_steffi', 'fname': 'icloud_iphone_steffi', 'picture': 'www/images/steffi_icon.png', 'device_type': 'iphone', 'inzone_interval': 120.0, 'fixed_interval': 0.0, 'tracking_mode': 'track', 'apple_account': 'rob@…………', 'famshr_devicename': 'iPhone', 'famshr_device_id': 'AXP0OzQSJu1VO8VbGPSImp5vhzxtZfCw9ONzn/mCa5fKv/vjX5YUymdzWb/6auKfuKE39ooXyoW91UknyEi/BXTikmR0aNgicW+NXtYS/yA8ZhoDJh3g/8AebJ7gtvhj0xJCb7AyIxKKXxRNgaRV0Rci+NFZQl72Soc3FgSvaqXW03UaBdnb5w==', 'raw_model': 'iPhone17,3', 'model': 'iPhone', 'model_display_name': 'iPhone17,3', 'fmf_email': 'None', 'fmf_device_id': '', 'mobile_app_device': 'iphone_steffi', 'track_from_base_zone': 'home', 'track_from_zones': ['home'], 'log_zones': ['none']}
12-07 00:00:00 _INIT_  
12-07 00:00:00 _INIT_  icloud_iphone_rob > DistTo Devices >  icloud_iphone_steffi--15.2ft
12-07 00:00:00 _INIT_  icloud_iphone_steffi > DistTo Devices >  iCloud iPhone Rob--15.2ft (58 mins)
12-07 00:15:00 ------  icloud_iphone_rob > DistTo Devices >  icloud_iphone_steffi--15.2ft
12-07 00:15:00 ------  icloud_iphone_steffi > DistTo Devices >  iCloud iPhone Rob--15.2ft (1.2 hrs)
12-07 00:30:00 ------  icloud_iphone_rob > DistTo Devices >  icloud_iphone_steffi--15.2ft
12-07 00:30:00 ------  icloud_iphone_steffi > DistTo Devices >  iCloud iPhone Rob--15.2ft (1.5 hrs)
12-07 00:45:00 ------  icloud_iphone_rob > DistTo Devices >  icloud_iphone_steffi--15.2ft
12-07 00:45:00 ------  icloud_iphone_steffi > DistTo Devices >  iCloud iPhone Rob--15.2ft (1.7 hrs)
12-07 01:00:00 ------  Local Time Zone Offset > UTC+01:00 hrs, CET, Country Code-NL
12-07 01:00:00 ------  icloud_iphone_rob > DistTo Devices >  icloud_iphone_steffi--15.2ft
12-07 01:00:00 ------  icloud_iphone_steffi > DistTo Devices >  iCloud iPhone Rob--15.2ft (2 hrs)
12-07 01:02:05 MOBAPP  icloud_iphone_rob > MobApp Location Requested > LastLocated-11:04:05p (2 hrs ago)
12-07 01:02:10 MOBAPP  icloud_iphone_rob > MobApp Trigger > Request MobApp Loc@1:02:06a
12-07 01:02:10 MOBAPP ⡇━━━━━━━━━━━━━━━━━━━━━━━━━━━━━━━━━━━━━━━━━━━━━━━━━━
                                          ⡇   ICLOUD_IPHONE_ROB, MOBAPP, REQUEST MOBAPP LOC@1:02:06A 
                                          ⡇⠂⠂⠂⠂⠂⠂⠂⠂⠂⠂⠂⠂⠂⠂⠂⠂⠂⠂⠂⠂⠂⠂⠂⠂⠂⠂⠂⠂⠂⠂⠂⠂⠂⠂⠂⠂⠂
12-07 01:02:10 MOBAPP ⡇ icloud_iphone_rob > Zone > Home(2)-20.5ft > GPS-(51.50256, 3.91070/±4m)
12-07 01:02:10 MOBAPP ⡇ icloud_iphone_rob > Results > NextUpdate-3:02:10a, Moved-15.2ft , Battery-95%, ✓Went3km
12-07 01:02:10 MOBAPP ⡇⠂⠂⠂⠂⠂⠂⠂⠂⠂⠂⠂⠂⠂⠂⠂⠂⠂⠂⠂⠂⠂⠂⠂⠂⠂⠂⠂⠂⠂⠂⠂⠂⠂⠂⠂⠂⠂
                                          ⡇   ICLOUD_IPHONE_ROB, MOBAPP, CURRZONE-HOME 
                                          ⡇━━━━━━━━━━━━━━━━━━━━━━━━━━━━━━━━━━━━━━━━━━━━━━━━━━
12-07 01:15:00 ------  icloud_iphone_rob > DistTo Devices >  icloud_iphone_steffi--13.8ft (2 hrs)
12-07 01:15:00 ------  icloud_iphone_steffi > DistTo Devices >  iCloud iPhone Rob--13.8ft
12-07 01:16:55 MOBAPP  icloud_iphone_steffi > MobApp Location Requested > LastLocated-11:19:20p (2 hrs ago)
12-07 01:17:00 MOBAPP  icloud_iphone_steffi > MobApp Trigger > Request MobApp Loc@1:16:55a
12-07 01:17:00 MOBAPP ⡇━━━━━━━━━━━━━━━━━━━━━━━━━━━━━━━━━━━━━━━━━━━━━━━━━━
                                          ⡇   ICLOUD_IPHONE_STEFFI, MOBAPP, REQUEST MOBAPP LOC@1:16:55A 
                                          ⡇⠂⠂⠂⠂⠂⠂⠂⠂⠂⠂⠂⠂⠂⠂⠂⠂⠂⠂⠂⠂⠂⠂⠂⠂⠂⠂⠂⠂⠂⠂⠂⠂⠂⠂⠂⠂⠂
12-07 01:17:00 MOBAPP ⡇ icloud_iphone_steffi > Zone > Home(2)-29.2ft > GPS-(51.50257, 3.91064/±4m)
12-07 01:17:00 MOBAPP ⡇ icloud_iphone_steffi > Results > NextUpdate-3:17:00a, Moved-7.4ft , Battery-80%, ✓Went3km
12-07 01:17:00 MOBAPP ⡇⠂⠂⠂⠂⠂⠂⠂⠂⠂⠂⠂⠂⠂⠂⠂⠂⠂⠂⠂⠂⠂⠂⠂⠂⠂⠂⠂⠂⠂⠂⠂⠂⠂⠂⠂⠂⠂
                                          ⡇   ICLOUD_IPHONE_STEFFI, MOBAPP, CURRZONE-HOME 
                                          ⡇━━━━━━━━━━━━━━━━━━━━━━━━━━━━━━━━━━━━━━━━━━━━━━━━━━
12-07 01:30:00 ------  icloud_iphone_rob > DistTo Devices >  icloud_iphone_steffi--15.8ft
12-07 01:30:00 ------  icloud_iphone_steffi > DistTo Devices >  iCloud iPhone Rob--15.8ft (28 mins)
12-07 01:45:00 ------  icloud_iphone_rob > DistTo Devices >  icloud_iphone_steffi--15.8ft
12-07 01:45:00 ------  icloud_iphone_steffi > DistTo Devices >  iCloud iPhone Rob--15.8ft (43 mins)
12-07 02:00:00 ------  icloud_iphone_rob > DistTo Devices >  icloud_iphone_steffi--15.8ft
12-07 02:00:00 ------  icloud_iphone_steffi > DistTo Devices >  iCloud iPhone Rob--15.8ft (58 mins)
12-07 02:15:00 ------  icloud_iphone_rob > DistTo Devices >  icloud_iphone_steffi--15.8ft
12-07 02:15:00 ------  icloud_iphone_steffi > DistTo Devices >  iCloud iPhone Rob--15.8ft (1.2 hrs)
12-07 02:30:00 ------  icloud_iphone_rob > DistTo Devices >  icloud_iphone_steffi--15.8ft
12-07 02:30:00 ------  icloud_iphone_steffi > DistTo Devices >  iCloud iPhone Rob--15.8ft (1.5 hrs)
12-07 02:45:00 ------  icloud_iphone_rob > DistTo Devices >  icloud_iphone_steffi--15.8ft
12-07 02:45:00 ------  icloud_iphone_steffi > DistTo Devices >  iCloud iPhone Rob--15.8ft (1.7 hrs)
12-07 03:00:00 ------  icloud_iphone_rob > DistTo Devices >  icloud_iphone_steffi--15.8ft
12-07 03:00:00 ------  icloud_iphone_steffi > DistTo Devices >  iCloud iPhone Rob--15.8ft (2 hrs)
12-07 03:02:10 MOBAPP  icloud_iphone_rob > MobApp Location Requested > LastLocated-1:04:14a (2 hrs ago)
12-07 03:02:10 MOBAPP  icloud_iphone_steffi > Battery Info > Level-85%, Charging (MobApp)
12-07 03:02:15 MOBAPP  icloud_iphone_rob > MobApp Trigger > Request MobApp Loc@3:02:10a
12-07 03:02:15 MOBAPP ⡇━━━━━━━━━━━━━━━━━━━━━━━━━━━━━━━━━━━━━━━━━━━━━━━━━━
                                          ⡇   ICLOUD_IPHONE_ROB, MOBAPP, REQUEST MOBAPP LOC@3:02:10A 
                                          ⡇⠂⠂⠂⠂⠂⠂⠂⠂⠂⠂⠂⠂⠂⠂⠂⠂⠂⠂⠂⠂⠂⠂⠂⠂⠂⠂⠂⠂⠂⠂⠂⠂⠂⠂⠂⠂⠂
12-07 03:02:15 MOBAPP ⡇ icloud_iphone_rob > Zone > Home(2)-20.2ft > GPS-(51.50256, 3.91070/±4m)
12-07 03:02:15 MOBAPP ⡇ icloud_iphone_rob > Results > NextUpdate-5:02:15a, Moved-1.4ft , Battery-95%, ✓Went3km
12-07 03:02:15 MOBAPP ⡇⠂⠂⠂⠂⠂⠂⠂⠂⠂⠂⠂⠂⠂⠂⠂⠂⠂⠂⠂⠂⠂⠂⠂⠂⠂⠂⠂⠂⠂⠂⠂⠂⠂⠂⠂⠂⠂
                                          ⡇   ICLOUD_IPHONE_ROB, MOBAPP, CURRZONE-HOME 
                                          ⡇━━━━━━━━━━━━━━━━━━━━━━━━━━━━━━━━━━━━━━━━━━━━━━━━━━
12-07 03:15:00 ------  icloud_iphone_rob > DistTo Devices >  icloud_iphone_steffi--14.7ft (2 hrs)
12-07 03:15:00 ------  icloud_iphone_steffi > DistTo Devices >  iCloud iPhone Rob--14.7ft
12-07 03:17:00 MOBAPP  icloud_iphone_steffi > MobApp Location Requested > LastLocated-1:19:38a (2 hrs ago)
12-07 03:17:05 MOBAPP  icloud_iphone_steffi > MobApp Trigger > Request MobApp Loc@3:17:01a
12-07 03:17:05 MOBAPP ⡇━━━━━━━━━━━━━━━━━━━━━━━━━━━━━━━━━━━━━━━━━━━━━━━━━━
                                          ⡇   ICLOUD_IPHONE_STEFFI, MOBAPP, REQUEST MOBAPP LOC@3:17:01A 
                                          ⡇⠂⠂⠂⠂⠂⠂⠂⠂⠂⠂⠂⠂⠂⠂⠂⠂⠂⠂⠂⠂⠂⠂⠂⠂⠂⠂⠂⠂⠂⠂⠂⠂⠂⠂⠂⠂⠂
12-07 03:17:05 MOBAPP ⡇ icloud_iphone_steffi > Zone > Home(2)-28.2ft > GPS-(51.50257, 3.91064/±3m)
12-07 03:17:05 MOBAPP ⡇ icloud_iphone_steffi > Results > NextUpdate-5:17:05a, Moved-1.0ft , Battery-85%, ✓Went3km
12-07 03:17:05 MOBAPP ⡇⠂⠂⠂⠂⠂⠂⠂⠂⠂⠂⠂⠂⠂⠂⠂⠂⠂⠂⠂⠂⠂⠂⠂⠂⠂⠂⠂⠂⠂⠂⠂⠂⠂⠂⠂⠂⠂
                                          ⡇   ICLOUD_IPHONE_STEFFI, MOBAPP, CURRZONE-HOME 
                                          ⡇━━━━━━━━━━━━━━━━━━━━━━━━━━━━━━━━━━━━━━━━━━━━━━━━━━
12-07 03:17:05 MOBAPP  icloud_iphone_steffi > Battery Info > Level-95%, Charging (MobApp)
12-07 03:29:30 MOBAPP  icloud_iphone_rob > Battery Info > Level-100%, Charged (MobApp)
12-07 03:30:00 ------  icloud_iphone_rob > DistTo Devices >  icloud_iphone_steffi--14.2ft
12-07 03:30:00 ------  icloud_iphone_steffi > DistTo Devices >  iCloud iPhone Rob--14.2ft (28 mins)
12-07 03:41:55 MOBAPP  icloud_iphone_steffi > Battery Info > Level-100%, Charged (MobApp)
12-07 03:45:00 ------  icloud_iphone_rob > DistTo Devices >  icloud_iphone_steffi--14.2ft
12-07 03:45:00 ------  icloud_iphone_steffi > DistTo Devices >  iCloud iPhone Rob--14.2ft (43 mins)
12-07 04:00:00 ------  icloud_iphone_rob > DistTo Devices >  icloud_iphone_steffi--14.2ft
12-07 04:00:00 ------  icloud_iphone_steffi > DistTo Devices >  iCloud iPhone Rob--14.2ft (58 mins)
12-07 04:09:55 MOBAPP  icloud_iphone_steffi > MobApp Trigger > Signaled@4:09:55A
12-07 04:09:55 MOBAPP ⡇━━━━━━━━━━━━━━━━━━━━━━━━━━━━━━━━━━━━━━━━━━━━━━━━━━
                                          ⡇   ICLOUD_IPHONE_STEFFI, MOBAPP, SIGNALED@4:09:55A 
                                          ⡇⠂⠂⠂⠂⠂⠂⠂⠂⠂⠂⠂⠂⠂⠂⠂⠂⠂⠂⠂⠂⠂⠂⠂⠂⠂⠂⠂⠂⠂⠂⠂⠂⠂⠂⠂⠂⠂
12-07 04:09:55 MOBAPP ⡇ icloud_iphone_steffi > Zone > Home(2)-28.2ft > GPS-(51.50257, 3.91064/±3m)
12-07 04:09:55 MOBAPP ⡇ icloud_iphone_steffi > Results > NextUpdate-6:09:55a, Moved-0.0mi , Battery-100%, ✓Went3km
12-07 04:09:55 MOBAPP ⡇⠂⠂⠂⠂⠂⠂⠂⠂⠂⠂⠂⠂⠂⠂⠂⠂⠂⠂⠂⠂⠂⠂⠂⠂⠂⠂⠂⠂⠂⠂⠂⠂⠂⠂⠂⠂⠂
                                          ⡇   ICLOUD_IPHONE_STEFFI, MOBAPP, CURRZONE-HOME 
                                          ⡇━━━━━━━━━━━━━━━━━━━━━━━━━━━━━━━━━━━━━━━━━━━━━━━━━━
12-07 04:15:00 ------  icloud_iphone_rob > DistTo Devices >  icloud_iphone_steffi--14.2ft
12-07 04:15:00 ------  icloud_iphone_steffi > DistTo Devices >  iCloud iPhone Rob--14.2ft (1.2 hrs)
12-07 04:15:30 MOBAPP  icloud_iphone_rob > MobApp Trigger > Signaled@4:15:27A
12-07 04:15:30 MOBAPP ⡇━━━━━━━━━━━━━━━━━━━━━━━━━━━━━━━━━━━━━━━━━━━━━━━━━━
                                          ⡇   ICLOUD_IPHONE_ROB, MOBAPP, SIGNALED@4:15:27A 
                                          ⡇⠂⠂⠂⠂⠂⠂⠂⠂⠂⠂⠂⠂⠂⠂⠂⠂⠂⠂⠂⠂⠂⠂⠂⠂⠂⠂⠂⠂⠂⠂⠂⠂⠂⠂⠂⠂⠂
12-07 04:15:30 MOBAPP ⡇ icloud_iphone_rob > Zone > Home(2)-20.2ft > GPS-(51.50256, 3.91070/±4m)
12-07 04:15:30 MOBAPP ⡇ icloud_iphone_rob > Results > NextUpdate-6:15:30a, Moved-0.0mi , Battery-100%, ✓Went3km
12-07 04:15:30 MOBAPP ⡇⠂⠂⠂⠂⠂⠂⠂⠂⠂⠂⠂⠂⠂⠂⠂⠂⠂⠂⠂⠂⠂⠂⠂⠂⠂⠂⠂⠂⠂⠂⠂⠂⠂⠂⠂⠂⠂
                                          ⡇   ICLOUD_IPHONE_ROB, MOBAPP, CURRZONE-HOME 
                                          ⡇━━━━━━━━━━━━━━━━━━━━━━━━━━━━━━━━━━━━━━━━━━━━━━━━━━
12-07 04:30:00 ------  icloud_iphone_rob > DistTo Devices >  icloud_iphone_steffi--14.2ft (20 mins)
12-07 04:30:00 ------  icloud_iphone_steffi > DistTo Devices >  iCloud iPhone Rob--14.2ft
12-07 04:45:00 ------  icloud_iphone_rob > DistTo Devices >  icloud_iphone_steffi--14.2ft (35 mins)
12-07 04:45:00 ------  icloud_iphone_steffi > DistTo Devices >  iCloud iPhone Rob--14.2ft
12-07 05:00:00 ------  icloud_iphone_rob > DistTo Devices >  icloud_iphone_steffi--14.2ft (50 mins)
12-07 05:00:00 ------  icloud_iphone_steffi > DistTo Devices >  iCloud iPhone Rob--14.2ft
12-07 05:15:00 ------  icloud_iphone_rob > DistTo Devices >  icloud_iphone_steffi--14.2ft (1.1 hrs)
12-07 05:15:00 ------  icloud_iphone_steffi > DistTo Devices >  iCloud iPhone Rob--14.2ft
12-07 05:30:00 ------  icloud_iphone_rob > DistTo Devices >  icloud_iphone_steffi--14.2ft (1.3 hrs)
12-07 05:30:00 ------  icloud_iphone_steffi > DistTo Devices >  iCloud iPhone Rob--14.2ft
12-07 05:39:20 MOBAPP  icloud_iphone_rob > MobApp Trigger > Bkgnd Fetch@5:39:19a
12-07 05:39:20 MOBAPP ⡇━━━━━━━━━━━━━━━━━━━━━━━━━━━━━━━━━━━━━━━━━━━━━━━━━━
                                          ⡇   ICLOUD_IPHONE_ROB, MOBAPP, BKGND FETCH@5:39:19A 
                                          ⡇⠂⠂⠂⠂⠂⠂⠂⠂⠂⠂⠂⠂⠂⠂⠂⠂⠂⠂⠂⠂⠂⠂⠂⠂⠂⠂⠂⠂⠂⠂⠂⠂⠂⠂⠂⠂⠂
12-07 05:39:20 MOBAPP ⡇ icloud_iphone_rob > Zone > Home(2)-20.0ft > GPS-(51.50256, 3.91070/±5m)
12-07 05:39:20 MOBAPP ⡇ icloud_iphone_rob > Results > NextUpdate-7:39:20a, Moved-0.65ft , Battery-100%, ✓Went3km
12-07 05:39:20 MOBAPP ⡇⠂⠂⠂⠂⠂⠂⠂⠂⠂⠂⠂⠂⠂⠂⠂⠂⠂⠂⠂⠂⠂⠂⠂⠂⠂⠂⠂⠂⠂⠂⠂⠂⠂⠂⠂⠂⠂
                                          ⡇   ICLOUD_IPHONE_ROB, MOBAPP, CURRZONE-HOME 
                                          ⡇━━━━━━━━━━━━━━━━━━━━━━━━━━━━━━━━━━━━━━━━━━━━━━━━━━
12-07 05:45:00 ------  icloud_iphone_rob > DistTo Devices >  icloud_iphone_steffi--14.8ft (1.6 hrs)
12-07 05:45:00 ------  icloud_iphone_steffi > DistTo Devices >  iCloud iPhone Rob--14.8ft
12-07 05:59:15 MOBAPP  icloud_iphone_rob > MobApp Trigger > Bkgnd Fetch@5:59:15a
12-07 05:59:15 MOBAPP ⡇━━━━━━━━━━━━━━━━━━━━━━━━━━━━━━━━━━━━━━━━━━━━━━━━━━
                                          ⡇   ICLOUD_IPHONE_ROB, MOBAPP, BKGND FETCH@5:59:15A 
                                          ⡇⠂⠂⠂⠂⠂⠂⠂⠂⠂⠂⠂⠂⠂⠂⠂⠂⠂⠂⠂⠂⠂⠂⠂⠂⠂⠂⠂⠂⠂⠂⠂⠂⠂⠂⠂⠂⠂
12-07 05:59:15 MOBAPP ⡇ icloud_iphone_rob > Zone > Home(2)-20.3ft > GPS-(51.50256, 3.91070/±5m)
12-07 05:59:15 MOBAPP ⡇ icloud_iphone_rob > Results > NextUpdate-7:59:15a, Moved-0.31ft , Battery-100%, ✓Went3km
12-07 05:59:15 MOBAPP ⡇⠂⠂⠂⠂⠂⠂⠂⠂⠂⠂⠂⠂⠂⠂⠂⠂⠂⠂⠂⠂⠂⠂⠂⠂⠂⠂⠂⠂⠂⠂⠂⠂⠂⠂⠂⠂⠂
                                          ⡇   ICLOUD_IPHONE_ROB, MOBAPP, CURRZONE-HOME 
                                          ⡇━━━━━━━━━━━━━━━━━━━━━━━━━━━━━━━━━━━━━━━━━━━━━━━━━━
12-07 06:00:00 ------  icloud_iphone_rob > DistTo Devices >  icloud_iphone_steffi--14.6ft (1.8 hrs)
12-07 06:00:00 ------  icloud_iphone_steffi > DistTo Devices >  iCloud iPhone Rob--14.6ft
12-07 06:09:55 MOBAPP  icloud_iphone_steffi > MobApp Location Requested > LastLocated-4:11:57a (2 hrs ago)
12-07 06:10:00 MOBAPP  icloud_iphone_steffi > MobApp Trigger > Request MobApp Loc@6:09:55a
12-07 06:10:00 MOBAPP ⡇━━━━━━━━━━━━━━━━━━━━━━━━━━━━━━━━━━━━━━━━━━━━━━━━━━
                                          ⡇   ICLOUD_IPHONE_STEFFI, MOBAPP, REQUEST MOBAPP LOC@6:09:55A 
                                          ⡇⠂⠂⠂⠂⠂⠂⠂⠂⠂⠂⠂⠂⠂⠂⠂⠂⠂⠂⠂⠂⠂⠂⠂⠂⠂⠂⠂⠂⠂⠂⠂⠂⠂⠂⠂⠂⠂
12-07 06:10:00 MOBAPP ⡇ icloud_iphone_steffi > Zone > Home(2)-27.8ft > GPS-(51.50257, 3.91064/±5m)
12-07 06:10:00 MOBAPP ⡇ icloud_iphone_steffi > Results > NextUpdate-8:10:00a, Moved-0.42ft , Battery-100%, ✓Went3km
12-07 06:10:00 MOBAPP ⡇⠂⠂⠂⠂⠂⠂⠂⠂⠂⠂⠂⠂⠂⠂⠂⠂⠂⠂⠂⠂⠂⠂⠂⠂⠂⠂⠂⠂⠂⠂⠂⠂⠂⠂⠂⠂⠂
                                          ⡇   ICLOUD_IPHONE_STEFFI, MOBAPP, CURRZONE-HOME 
                                          ⡇━━━━━━━━━━━━━━━━━━━━━━━━━━━━━━━━━━━━━━━━━━━━━━━━━━
12-07 06:15:00 ------  icloud_iphone_rob > DistTo Devices >  icloud_iphone_steffi--14.3ft
12-07 06:15:00 ------  icloud_iphone_steffi > DistTo Devices >  iCloud iPhone Rob--14.3ft (16 mins)
12-07 06:30:00 ------  icloud_iphone_rob > DistTo Devices >  icloud_iphone_steffi--14.3ft
12-07 06:30:00 ------  icloud_iphone_steffi > DistTo Devices >  iCloud iPhone Rob--14.3ft (31 mins)
12-07 06:33:20 MOBAPP  icloud_iphone_rob > MobApp Trigger > Signaled@6:33:17A
12-07 06:33:20 MOBAPP ⡇━━━━━━━━━━━━━━━━━━━━━━━━━━━━━━━━━━━━━━━━━━━━━━━━━━
                                          ⡇   ICLOUD_IPHONE_ROB, MOBAPP, SIGNALED@6:33:17A 
                                          ⡇⠂⠂⠂⠂⠂⠂⠂⠂⠂⠂⠂⠂⠂⠂⠂⠂⠂⠂⠂⠂⠂⠂⠂⠂⠂⠂⠂⠂⠂⠂⠂⠂⠂⠂⠂⠂⠂
12-07 06:33:20 MOBAPP ⡇ icloud_iphone_rob > Zone > Home(2)-20.3ft > GPS-(51.50256, 3.91070/±5m)
12-07 06:33:20 MOBAPP ⡇ icloud_iphone_rob > Results > NextUpdate-8:33:20a, Moved-0.0mi , Battery-100%, ✓Went3km
12-07 06:33:20 MOBAPP ⡇⠂⠂⠂⠂⠂⠂⠂⠂⠂⠂⠂⠂⠂⠂⠂⠂⠂⠂⠂⠂⠂⠂⠂⠂⠂⠂⠂⠂⠂⠂⠂⠂⠂⠂⠂⠂⠂
                                          ⡇   ICLOUD_IPHONE_ROB, MOBAPP, CURRZONE-HOME 
                                          ⡇━━━━━━━━━━━━━━━━━━━━━━━━━━━━━━━━━━━━━━━━━━━━━━━━━━
12-07 06:37:10 MOBAPP  icloud_iphone_rob > MobApp Trigger > Launch@6:37:07A
12-07 06:37:10 MOBAPP ⡇━━━━━━━━━━━━━━━━━━━━━━━━━━━━━━━━━━━━━━━━━━━━━━━━━━
                                          ⡇   ICLOUD_IPHONE_ROB, MOBAPP, LAUNCH@6:37:07A 
                                          ⡇⠂⠂⠂⠂⠂⠂⠂⠂⠂⠂⠂⠂⠂⠂⠂⠂⠂⠂⠂⠂⠂⠂⠂⠂⠂⠂⠂⠂⠂⠂⠂⠂⠂⠂⠂⠂⠂
12-07 06:37:10 MOBAPP ⡇ icloud_iphone_rob > Zone > Home(2)-20.3ft > GPS-(51.50256, 3.91070/±5m)
12-07 06:37:10 MOBAPP ⡇ icloud_iphone_rob > Results > NextUpdate-8:37:10a, Moved-0.0mi , Battery-100%, ✓Went3km
12-07 06:37:10 MOBAPP ⡇⠂⠂⠂⠂⠂⠂⠂⠂⠂⠂⠂⠂⠂⠂⠂⠂⠂⠂⠂⠂⠂⠂⠂⠂⠂⠂⠂⠂⠂⠂⠂⠂⠂⠂⠂⠂⠂
                                          ⡇   ICLOUD_IPHONE_ROB, MOBAPP, CURRZONE-HOME 
                                          ⡇━━━━━━━━━━━━━━━━━━━━━━━━━━━━━━━━━━━━━━━━━━━━━━━━━━
12-07 06:38:56 ------  HA Shutting Down
12-07 06:40:13  
                         ⛔━━━━━━━━━━━━━━━━━━━━━━━━━━━━━━━━━━━━━━━━━━━━━━━━━━
                         ⛔    iCloud3 v3.1.3, Saturday, 2024-12-07 06:40:13
                         ⛔━━━━━━━━━━━━━━━━━━━━━━━━━━━━━━━━━━━━━━━━━━━━━━━━━━
12-07 06:40:13 _INIT_  Profile:
                         {'version': 1, 'ic3_version': '3.1.3', 'version_install_date': '2024-11-10 08:21:49', 'config_update_date': '2024-12-07 06:40:13', 'event_log_card_directory': 'www/icloud3', 'event_log_card_program': 'icloud3-event-log-card.js', 'event_log_btnconfig_url': '', 'event_log_version_running': '', 'event_log_version': '3.1', 'picture_www_dirs': []}
12-07 06:40:13 _INIT_  Tracking:
                         {'username': 'rob@…………', 'password': '««..............................', 'encode_password': True, 'icloud_server_endpoint_suffix': 'None', 'setup_icloud_session_early': True, 'data_source': 'iCloud,MobApp', 'apple_accounts': [{'username': 'rob@…………', 'password': '…………', 'totp_key': '', 'locate_all': True}], 'devices': '2'}
12-07 06:40:13 _INIT_  Apple Accounts:
                         [{'username': 'rob@…………', 'password': '…………', 'totp_key': '', 'locate_all': True}]
12-07 06:40:13 _INIT_  General Configuration:
                         {'log_level': 'info', 'unit_of_measurement': 'mi', 'time_format': '12-hour', 'display_zone_format': 'fname', 'device_tracker_state_source': 'ic3_fname', 'max_interval': 240, 'offline_interval': 20, 'exit_zone_interval': 3, 'old_location_threshold': 3, 'old_location_adjustment': 0, 'gps_accuracy_threshold': 100, 'display_gps_lat_long': True, 'travel_time_factor': 0.66, 'tfz_tracking_max_distance': 8, 'passthru_zone_time': 0.5, 'track_from_base_zone_used': True, 'track_from_base_zone': 'home', 'track_from_home_zone': True, 'center_in_zone': False, 'discard_poor_gps_inzone': False, 'distance_between_devices': True, 'inzone_intervals': {'iphone': 120, 'ipad': 120, 'watch': 15, 'airpods': 15, 'other': 120, 'no_mobapp': 15}, 'waze_used': True, 'waze_region': 'us', 'waze_min_distance': 1, 'waze_max_distance': 1000, 'waze_realtime': False, 'waze_history_database_used': True, 'waze_history_max_distance': 20, 'waze_history_track_direction': 'north_south', 'stat_zone_fname': 'StatZon#', 'stat_zone_still_time': 0, 'stat_zone_inzone_interval': 30, 'stat_zone_base_latitude': 1, 'stat_zone_base_longitude': 0, 'display_text_as': ['#1', '#2', '#3', '#4', '#5', '#6', '#7', '#8', '#9', '#10'], 'away_time_zone_1_offset': 0, 'away_time_zone_1_devices': ['none'], 'away_time_zone_2_offset': 0, 'away_time_zone_2_devices': ['none'], 'mobapp_alive_interval': 60, 'log_level_devices': ['all']}
                         {'country_code': 'us', 'use_metric': False}
12-07 06:40:13 _INIT_  
12-07 06:40:13 _INIT_  iCloud iPhone Rob, icloud_iphone_rob:
                         {'ic3_devicename': 'icloud_iphone_rob', 'fname': 'iCloud iPhone Rob', 'picture': 'www/images/rob_icon-mirror.png', 'device_type': 'iphone', 'inzone_interval': 120.0, 'fixed_interval': 0.0, 'tracking_mode': 'track', 'apple_account': 'rob@…………', 'famshr_devicename': 'iPhone', 'famshr_device_id': 'AXP0OzQSJu1VO8VbGPSImp5vhzxtZfCw9ONzn/mCa5fKv/vjX5YUymdzWb/6auKfuKE39ooXyoW91UknyEi/BXTikmR0aNgicW+NXtYS/yA8ZhoDJh3g/8AebJ7gtvhj0xJCb7AyIxKKXxRNgaRV0Rci+NFZQl72Soc3FgSvaqXW03UaBdnb5w==', 'raw_model': 'iPhone16,2', 'model': 'iPhone', 'model_display_name': 'iPhone16,2', 'fmf_email': 'None', 'fmf_device_id': '', 'track_from_base_zone': 'home', 'track_from_zones': ['home'], 'log_zones': ['none'], 'mobile_app_device': 'iphone_rob'}
12-07 06:40:13 _INIT_  icloud_iphone_steffi, icloud_iphone_steffi:
                         {'ic3_devicename': 'icloud_iphone_steffi', 'fname': 'icloud_iphone_steffi', 'picture': 'www/images/steffi_icon.png', 'device_type': 'iphone', 'inzone_interval': 120.0, 'fixed_interval': 0.0, 'tracking_mode': 'track', 'apple_account': 'rob@…………', 'famshr_devicename': 'iPhone', 'famshr_device_id': 'AXP0OzQSJu1VO8VbGPSImp5vhzxtZfCw9ONzn/mCa5fKv/vjX5YUymdzWb/6auKfuKE39ooXyoW91UknyEi/BXTikmR0aNgicW+NXtYS/yA8ZhoDJh3g/8AebJ7gtvhj0xJCb7AyIxKKXxRNgaRV0Rci+NFZQl72Soc3FgSvaqXW03UaBdnb5w==', 'raw_model': 'iPhone17,3', 'model': 'iPhone', 'model_display_name': 'iPhone17,3', 'fmf_email': 'None', 'fmf_device_id': '', 'mobile_app_device': 'iphone_steffi', 'track_from_base_zone': 'home', 'track_from_zones': ['home'], 'log_zones': ['none']}
12-07 06:40:13 _INIT_  
12-07 06:40:13 _INIT_  Setting up iCloud3 v3.1.3
12-07 06:40:13 _INIT_  Verify Apple Account Username/Password
12-07 06:40:17 _INIT_
🔺 ROB, POST, REQUEST,  VALIDATE_USERNAME_PASSWORD/541
❗   items={'url': 'setup.icloud.com/setup/authenticate/rob@…………', 'retry': 0, 'data': None, 'json': None}
❗   headers={'Authorization': 'Basic ……dpWg=='}
12-07 06:40:18 _INIT_
🔻 ROB, POST, RESPONSE, VALIDATE_USERNAME_PASSWORD/541 
❗   items={'code': 409, 'ok': False}
12-07 06:40:18 _INIT_  rob, Validate Username/Password Results, Valid-True
12-07 06:40:18 _INIT_  Device Tracker Entities > Created-2
12-07 06:40:18 _INIT_  Sensor Entities > Created-28, Excluded-0
12-07 06:40:18 _INIT_  Set Up Waze > Server-United States, Canada (US), CountryCode-NL, MinDist-1km, MaxDist-1000km, Realtime-False, HistoryDatabaseUsed-True
12-07 06:40:18 _INIT_  Waze History Database > 
                            • /config/.storage/icloud3/waze_location_history.db
12-07 06:40:18 _INIT_  Configure iCloud3 Operations >
                            • Load configuration parameters
                            • Set Display Text As Fields (0 used)
                            • Set Default Tracking Method (iCloud)
                            • Initialize Debug Control (info)
                            • Set Unit of Measure Formats (mi)
                            • Set Event Log Record Limits (5500 Events)
                            • Device Tracker State Value Source 
                             (iCloud3 Zone Friendly Name)
12-07 06:40:18 STAGE1 ⡇━━━━━━━━━━━━━━━━━━━━━━━━━━━━━━━━━━━━━━━━━━━━━━━━━━
                                          ⡇    STAGE 1 > INITIAL PREPARATIONS
                                          ⡇━━━━━━━━━━━━━━━━━━━━━━━━━━━━━━━━━━━━━━━━━━━━━━━━━━
12-07 06:40:18  
                         ⛔━━━━━━━━━━━━━━━━━━━━━━━━━━━━━━━━━━━━━━━━━━━━━━━━━━
                         ⛔    iCloud3 v3.1.3, Saturday, 2024-12-07 06:40:18
                         ⛔━━━━━━━━━━━━━━━━━━━━━━━━━━━━━━━━━━━━━━━━━━━━━━━━━━
12-07 06:40:18 _INIT_  Profile:
                         {'version': 1, 'ic3_version': '3.1.3', 'version_install_date': '2024-11-10 08:21:49', 'config_update_date': '2024-12-07 06:40:18', 'event_log_card_directory': 'www/icloud3', 'event_log_card_program': 'icloud3-event-log-card.js', 'event_log_btnconfig_url': '', 'event_log_version_running': '', 'event_log_version': '3.1', 'picture_www_dirs': []}
12-07 06:40:18 _INIT_  Tracking:
                         {'username': 'rob@…………', 'password': '««..............................', 'encode_password': True, 'icloud_server_endpoint_suffix': 'None', 'setup_icloud_session_early': True, 'data_source': 'iCloud,MobApp', 'apple_accounts': [{'username': 'rob@…………', 'password': '…………', 'totp_key': '', 'locate_all': True}], 'devices': '2'}
12-07 06:40:18 _INIT_  Apple Accounts:
                         [{'username': 'rob@…………', 'password': '…………', 'totp_key': '', 'locate_all': True}]
12-07 06:40:18 _INIT_  General Configuration:
                         {'log_level': 'info', 'unit_of_measurement': 'mi', 'time_format': '12-hour', 'display_zone_format': 'fname', 'device_tracker_state_source': 'ic3_fname', 'max_interval': 240, 'offline_interval': 20, 'exit_zone_interval': 3, 'old_location_threshold': 3, 'old_location_adjustment': 0, 'gps_accuracy_threshold': 100, 'display_gps_lat_long': True, 'travel_time_factor': 0.66, 'tfz_tracking_max_distance': 8, 'passthru_zone_time': 0.5, 'track_from_base_zone_used': True, 'track_from_base_zone': 'home', 'track_from_home_zone': True, 'center_in_zone': False, 'discard_poor_gps_inzone': False, 'distance_between_devices': True, 'inzone_intervals': {'iphone': 120, 'ipad': 120, 'watch': 15, 'airpods': 15, 'other': 120, 'no_mobapp': 15}, 'waze_used': True, 'waze_region': 'us', 'waze_min_distance': 1, 'waze_max_distance': 1000, 'waze_realtime': False, 'waze_history_database_used': True, 'waze_history_max_distance': 20, 'waze_history_track_direction': 'north_south', 'stat_zone_fname': 'StatZon#', 'stat_zone_still_time': 0, 'stat_zone_inzone_interval': 30, 'stat_zone_base_latitude': 1, 'stat_zone_base_longitude': 0, 'display_text_as': ['#1', '#2', '#3', '#4', '#5', '#6', '#7', '#8', '#9', '#10'], 'away_time_zone_1_offset': 0, 'away_time_zone_1_devices': ['none'], 'away_time_zone_2_offset': 0, 'away_time_zone_2_devices': ['none'], 'mobapp_alive_interval': 60, 'log_level_devices': ['all']}
                         {'country_code': 'NL', 'region_code': 'ZE', 'zip_code': '4461', 'region_name': 'Zeeland', 'city': 'Goes', 'time_zone': 'Europe/Amsterdam', 'latitude': 51.5036, 'longitude': 3.8932, 'use_metric': True}
12-07 06:40:18 _INIT_  
12-07 06:40:18 _INIT_  iCloud iPhone Rob, icloud_iphone_rob:
                         {'ic3_devicename': 'icloud_iphone_rob', 'fname': 'iCloud iPhone Rob', 'picture': 'www/images/rob_icon-mirror.png', 'device_type': 'iphone', 'inzone_interval': 120.0, 'fixed_interval': 0.0, 'tracking_mode': 'track', 'apple_account': 'rob@…………', 'famshr_devicename': 'iPhone', 'famshr_device_id': 'AXP0OzQSJu1VO8VbGPSImp5vhzxtZfCw9ONzn/mCa5fKv/vjX5YUymdzWb/6auKfuKE39ooXyoW91UknyEi/BXTikmR0aNgicW+NXtYS/yA8ZhoDJh3g/8AebJ7gtvhj0xJCb7AyIxKKXxRNgaRV0Rci+NFZQl72Soc3FgSvaqXW03UaBdnb5w==', 'raw_model': 'iPhone16,2', 'model': 'iPhone', 'model_display_name': 'iPhone16,2', 'fmf_email': 'None', 'fmf_device_id': '', 'track_from_base_zone': 'home', 'track_from_zones': ['home'], 'log_zones': ['none'], 'mobile_app_device': 'iphone_rob'}
12-07 06:40:18 _INIT_  icloud_iphone_steffi, icloud_iphone_steffi:
                         {'ic3_devicename': 'icloud_iphone_steffi', 'fname': 'icloud_iphone_steffi', 'picture': 'www/images/steffi_icon.png', 'device_type': 'iphone', 'inzone_interval': 120.0, 'fixed_interval': 0.0, 'tracking_mode': 'track', 'apple_account': 'rob@…………', 'famshr_devicename': 'iPhone', 'famshr_device_id': 'AXP0OzQSJu1VO8VbGPSImp5vhzxtZfCw9ONzn/mCa5fKv/vjX5YUymdzWb/6auKfuKE39ooXyoW91UknyEi/BXTikmR0aNgicW+NXtYS/yA8ZhoDJh3g/8AebJ7gtvhj0xJCb7AyIxKKXxRNgaRV0Rci+NFZQl72Soc3FgSvaqXW03UaBdnb5w==', 'raw_model': 'iPhone17,3', 'model': 'iPhone', 'model_display_name': 'iPhone17,3', 'fmf_email': 'None', 'fmf_device_id': '', 'mobile_app_device': 'iphone_steffi', 'track_from_base_zone': 'home', 'track_from_zones': ['home'], 'log_zones': ['none']}
12-07 06:40:18 _INIT_  
12-07 06:40:18 _INIT_  Set Up Waze > Server-United States, Canada (US), CountryCode-NL, MinDist-1km, MaxDist-1000km, Realtime-False, HistoryDatabaseUsed-True
12-07 06:40:18 _INIT_  Waze History Database > 
                            • /config/.storage/icloud3/waze_location_history.db
12-07 06:40:18 _INIT_  Configure iCloud3 Operations >
                            • Load configuration parameters
                            • Set Display Text As Fields (0 used)
                            • Set Default Tracking Method (iCloud)
                            • Initialize Debug Control (info)
                            • Set Unit of Measure Formats (mi)
                            • Set Event Log Record Limits (5500 Events)
                            • Device Tracker State Value Source 
                             (iCloud3 Zone Friendly Name)
12-07 06:40:18 _INIT_  iCloud3 Directory > 
                            • /config/custom_components/icloud3
12-07 06:40:18 _INIT_  iCloud3 Configuration File > 
                            • /config/.storage/icloud3/configuration
12-07 06:40:18 _INIT_  iCloud3 Event Log > 
                            • Current Version Installed-v3.1
                            • File-/config/www/icloud3/icloud3-event-log-card.js
12-07 06:40:18 _INIT_  Local Time Zone Offset > UTC+01:00 hrs, CET, Country Code-NL
12-07 06:40:18 STAGE2 ⡇━━━━━━━━━━━━━━━━━━━━━━━━━━━━━━━━━━━━━━━━━━━━━━━━━━
                                          ⡇    STAGE 2 > PREPARE SUPPORT SERVICES
                                          ⡇━━━━━━━━━━━━━━━━━━━━━━━━━━━━━━━━━━━━━━━━━━━━━━━━━━
12-07 06:40:18 STAGE2  ZONE DATA - <NOT_HOME > 
❗   items={'zone': 'not_home', 'name': 'Away'}
12-07 06:40:18 STAGE2  ZONE DATA - <NOT_HOME > 
❗   items={'zone': 'Not_Home', 'name': 'Away'}
12-07 06:40:18 STAGE2  ZONE DATA - <NOT_SET > 
❗   items={'zone': 'not_set', 'name': 'NotSet'}
12-07 06:40:18 STAGE2  ZONE DATA - <NOT_SET > 
❗   items={'zone': 'Not_Set', 'name': 'NotSet'}
12-07 06:40:18 STAGE2  ZONE DATA - <── > 
❗   items={'zone': '──', 'name': 'NotSet'}
12-07 06:40:18 STAGE2  ZONE DATA - <NOTSET > 
❗   items={'zone': 'NotSet', 'name': 'NotSet'}
12-07 06:40:18 STAGE2  ZONE DATA - <STATIONARY > 
❗   items={'zone': 'stationary', 'name': 'Stationary'}
12-07 06:40:18 STAGE2  ZONE DATA - <STATIONARY > 
❗   items={'zone': 'Stationary', 'name': 'Stationary'}
12-07 06:40:18 STAGE2  ZONE DATA - <UNKNOWN > 
❗   items={'zone': 'unknown', 'name': 'Unknown'}
12-07 06:40:18 STAGE2  Set up Zones > zone, Display (fname)
                            • home, Home (r75m/246.1ft)
                            • maxxton, Maxxton (r75m/246.1ft)
                            • cjg, CJG (r75m/246.1ft)
12-07 06:40:18 STAGE2  Special Zone Setup >
                            • Enter Zone Delay > DelayTime-30 secs
                            • STATIONARY ZONES ARE NOT USED
12-07 06:40:18 STAGE2  Set Up Waze > Server-United States, Canada (US), CountryCode-NL, MinDist-1km, MaxDist-1000km, Realtime-False, HistoryDatabaseUsed-True
12-07 06:40:18 STAGE2  Waze History Database > 
                            • /config/.storage/icloud3/waze_location_history.db
12-07 06:40:18 STAGE3 ⡇━━━━━━━━━━━━━━━━━━━━━━━━━━━━━━━━━━━━━━━━━━━━━━━━━━
                                          ⡇    STAGE 3 > DEVICE CONFIGURATION
                                          ⡇━━━━━━━━━━━━━━━━━━━━━━━━━━━━━━━━━━━━━━━━━━━━━━━━━━
12-07 06:40:18 STAGE3  Data Sources > iCloud, MobApp
12-07 06:40:18 STAGE3  Verify Apple Account Username/Password
12-07 06:40:18 STAGE3
🔺 ROB, POST, REQUEST,  VALIDATE_USERNAME_PASSWORD/541
❗   items={'url': 'setup.icloud.com/setup/authenticate/rob@…………', 'retry': 0, 'data': None, 'json': None}
❗   headers={'Authorization': 'Basic ……dpWg=='}
12-07 06:40:20 STAGE3
🔻 ROB, POST, RESPONSE, VALIDATE_USERNAME_PASSWORD/541 
❗   items={'code': 409, 'ok': False}
12-07 06:40:20 STAGE3  rob, Validate Username/Password Results, Valid-True
12-07 06:40:20 STAGE3  ✓ iCloud iPhone Rob (icloud_iphone_rob) > iPhone, Tracked
                            •Apple Account: rob@…………
                            •iCloud Device: iPhone
                            •MobApp Entity: iphone_rob
12-07 06:40:20 STAGE3  ✓ icloud_iphone_steffi (icloud_iphone_steffi) > iPhone, Tracked
                            •Apple Account: rob@…………
                            •iCloud Device: iPhone
                            •MobApp Entity: iphone_steffi
12-07 06:40:20 STAGE4 ⡇━━━━━━━━━━━━━━━━━━━━━━━━━━━━━━━━━━━━━━━━━━━━━━━━━━
                                          ⡇    STAGE 4 > DATA SOURCE DEVICE ASSIGNMENT
                                          ⡇━━━━━━━━━━━━━━━━━━━━━━━━━━━━━━━━━━━━━━━━━━━━━━━━━━
12-07 06:40:20 STAGE4  Data Source > Apple Account used-True
12-07 06:40:20 STAGE4  Data Source > HA Mobile App used-True
12-07 06:40:20 STAGE4  rob, Initialize PyiCloud Service, Set up iCloud Location Services connection
12-07 06:40:20 STAGE4  rob, Authenticating with Token
12-07 06:40:20 STAGE4
🔺 ROB, POST, REQUEST,  _AUTHENTICATE_WITH_TOKEN/858
❗   items={'url': 'setup.icloud.com/setup/ws/1/accountLogin', 'retry': 0, 'json': None}
❗   data.items={'accountCountryCode': 'NLD', 'dsWebAuthToken': 'YsKyXQ……A5nMBh', 'extended_login': True, 'trustToken': 'HSARMT……g=SRVX'}
12-07 06:40:20 STAGE4
🔻 ROB, POST, RESPONSE, _AUTHENTICATE_WITH_TOKEN/858 
❗   items={'code': 421, 'ok': False}
12-07 06:40:20 STAGE4  rob, Authenticating with Password SRP
12-07 06:40:20 STAGE4  rob, Authenticating with Password SRP, Send Credentials
12-07 06:40:20 STAGE4
🔺 ROB, POST, REQUEST,  _AUTHENTICATE_WITH_PASSWORD_SRP/993
❗   items={'url': 'idmsa.apple.com/appleauth/auth/signin/init', 'retry': 0, 'json': None}
❗   data.items={'accountName': 'rob@…………', 'a': 'TkZxRO……6VNA=='}
12-07 06:40:21 STAGE4
🔻 ROB, POST, RESPONSE, _AUTHENTICATE_WITH_PASSWORD_SRP/993 
❗   items={'code': 503, 'ok': False}
12-07 06:40:21 STAGE4
🔺 ROB, POST, REQUEST,  _AUTHENTICATE_WITH_TOKEN/858
❗   items={'url': 'setup.icloud.com/setup/ws/1/accountLogin', 'retry': 0, 'json': None}
❗   data.items={'accountCountryCode': 'NLD', 'dsWebAuthToken': 'YsKyXQ……A5nMBh', 'extended_login': True, 'trustToken': 'HSARMT……g=SRVX'}
12-07 06:40:21 STAGE4
🔻 ROB, POST, RESPONSE, _AUTHENTICATE_WITH_TOKEN/858 
❗   items={'code': 421, 'ok': False}
12-07 06:40:21 STAGE4  rob, Authentication Failed, Connection Error, Secure Password Validation Data was not returned from Apple. ErrorCode-503
12-07 06:40:21 iCloud3 v3.1.3
Traceback (most recent call last):
  File "/config/custom_components/icloud3/support/pyicloud_ic3.py", line 655, in __init__
    self.authenticate()
    ~~~~~~~~~~~~~~~~~^^
  File "/config/custom_components/icloud3/support/pyicloud_ic3.py", line 824, in authenticate
    raise PyiCloudFailedLoginException(err_msg)
custom_components.icloud3.support.pyicloud_ic3.PyiCloudFailedLoginException: rob, Authentication Failed, Connection Error, Secure Password Validation Data was not returned from Apple. ErrorCode-503

12-07 06:40:21 STAGE4  Apple Acct > rob@ti…, Login Successful
12-07 06:40:21 STAGE4  Apple Acct > rob, All Devices Located
12-07 06:40:21 STAGE4  Apple Acct > rob@ti…, Data for a Device not returned from Apple
                            • iCloud iPhone Rob (icloud_iphone_rob) > Device-iPhone
                            • icloud_iphone_steffi (icloud_iphone_steffi) > Device-iPhone
12-07 06:40:21 STAGE4  Apple Acct > rob@ti…, 0 of 0 tracked
12-07 06:40:21 STAGE4  __ MOBAPP DEVICE_REGISTRY ENTRY - <ROBS_IPAD>)
DeviceEntry(area_id='huis', config_entries={'093112f131491282301ea4be73a9a9e2'}, configuration_url=None, connections=set(), created_at=datetime.datetime(1970, 1, 1, 0, 0, tzinfo=datetime.timezone.utc), disabled_by=None, entry_type=None, hw_version=None, id='17a0292270a2bb4c6e52bfe08996ae2a', identifiers={('mobile_app', 'DB0478BB-063B-43D4-8D95-3FAF6E6B8ABB')}, labels=set(), manufacturer='Apple', model='iPad13,1', model_id=None, modified_at=datetime.datetime(2024, 11, 27, 18, 36, 42, 547922, tzinfo=datetime.timezone.utc), name_by_user="Rob's iPad", name='Rob’s iPad', primary_config_entry='093112f131491282301ea4be73a9a9e2', serial_number=None, suggested_area=None, sw_version='18.1', via_device_id=None, is_new=False, _cache={})
12-07 06:40:21 STAGE4  MOBAPP ENTITY_REGISTRY ENTRY - <ROBS_IPAD>)
❗   items={'id': 'ba70ba……ea628b', 'name': "Rob's iPad"}
12-07 06:40:21 STAGE4  __ MOBAPP DEVICE_REGISTRY ENTRY - <IPAD_VAN_STEFFI>)
DeviceEntry(area_id=None, config_entries={'b91fd8d6bd3691605071793552659d21'}, configuration_url=None, connections=set(), created_at=datetime.datetime(1970, 1, 1, 0, 0, tzinfo=datetime.timezone.utc), disabled_by=None, entry_type=None, hw_version=None, id='a4f1e8df900fa0bce9fc4e48cedfed6a', identifiers={('mobile_app', '9539139D-3320-4C0E-9EC3-66B4C4638082')}, labels=set(), manufacturer='Apple', model='iPad7,5', model_id=None, modified_at=datetime.datetime(2024, 11, 23, 23, 22, 30, 686112, tzinfo=datetime.timezone.utc), name_by_user='iPad van Steffi', name='iPad van steffi (3)', primary_config_entry='b91fd8d6bd3691605071793552659d21', serial_number=None, suggested_area=None, sw_version='17.7.2', via_device_id=None, is_new=False, _cache={})
12-07 06:40:21 STAGE4  MOBAPP ENTITY_REGISTRY ENTRY - <IPAD_VAN_STEFFI>)
❗   items={'id': '6eda8e……31a542', 'name': 'iPad van Steffi'}
12-07 06:40:21 STAGE4  __ MOBAPP DEVICE_REGISTRY ENTRY - <IPHONE_ROB>)
DeviceEntry(area_id='huis', config_entries={'f23c040b54c69ae3edf2de951bbb52b8'}, configuration_url=None, connections=set(), created_at=datetime.datetime(1970, 1, 1, 0, 0, tzinfo=datetime.timezone.utc), disabled_by=None, entry_type=None, hw_version=None, id='9e1fc8113280a61adb50d2da08fb8dde', identifiers={('mobile_app', '8FDDE865-8F90-464C-8163-538ADA104098')}, labels=set(), manufacturer='Apple', model='iPhone16,2', model_id=None, modified_at=datetime.datetime(2024, 11, 19, 22, 21, 34, 216593, tzinfo=datetime.timezone.utc), name_by_user='iPhone rob', name='iPhone rob', primary_config_entry='f23c040b54c69ae3edf2de951bbb52b8', serial_number=None, suggested_area=None, sw_version='18.1.1', via_device_id=None, is_new=False, _cache={})
12-07 06:40:21 STAGE4  MOBAPP ENTITY_REGISTRY ENTRY - <IPHONE_ROB>)
❗   items={'id': '90c16d……ff4f04', 'name': 'iPhone rob'}
12-07 06:40:21 STAGE4  __ MOBAPP DEVICE_REGISTRY ENTRY - <IPAD_KITCHEN>)
DeviceEntry(area_id='6d233462ff764a3d8b878fb640433e11', config_entries={'4580d16677455e69ea479df121e95df7'}, configuration_url=None, connections=set(), created_at=datetime.datetime(1970, 1, 1, 0, 0, tzinfo=datetime.timezone.utc), disabled_by=<DeviceEntryDisabler.CONFIG_ENTRY: 'config_entry'>, entry_type=None, hw_version=None, id='bd8687dbfa6033771e96c5517c9c2638', identifiers={('mobile_app', '2C5D425D-E89C-40FF-8676-A696F6C5CAD9')}, labels=set(), manufacturer='Apple', model='iPad7,3', model_id=None, modified_at=datetime.datetime(2024, 10, 19, 8, 17, 4, 69654, tzinfo=datetime.timezone.utc), name_by_user='iPad Wall', name='iPad kitchen', primary_config_entry='4580d16677455e69ea479df121e95df7', serial_number=None, suggested_area=None, sw_version='17.6.1', via_device_id=None, is_new=False, _cache={})
12-07 06:40:21 STAGE4  MOBAPP ENTITY_REGISTRY ENTRY - <IPAD_KITCHEN>)
❗   items={'id': '51a211……7faebf', 'name': None}
12-07 06:40:21 STAGE4  __ MOBAPP DEVICE_REGISTRY ENTRY - <IPHONE_STEFFI>)
DeviceEntry(area_id=None, config_entries={'01J8G6XTJGFV2NPK32FRVDPF2C'}, configuration_url=None, connections=set(), created_at=datetime.datetime(2024, 9, 23, 19, 49, 52, 848920, tzinfo=datetime.timezone.utc), disabled_by=None, entry_type=None, hw_version=None, id='3375d128cd39702f4edcc1c7a3a847b0', identifiers={('mobile_app', '902FBE78-41F2-4D74-894A-8D13C794EC1E')}, labels=set(), manufacturer='Apple', model='iPhone17,3', model_id=None, modified_at=datetime.datetime(2024, 11, 21, 5, 14, 34, 831851, tzinfo=datetime.timezone.utc), name_by_user='iPhone Steffi', name='iPhone Steffi', primary_config_entry='01J8G6XTJGFV2NPK32FRVDPF2C', serial_number=None, suggested_area=None, sw_version='18.1.1', via_device_id=None, is_new=False, _cache={})
12-07 06:40:21 STAGE4  MOBAPP ENTITY_REGISTRY ENTRY - <IPHONE_STEFFI>)
❗   items={'id': '1c36ba……fe9c5a', 'name': None}
12-07 06:40:21 STAGE4  Mobile App Devices > 2 of 2 monitored
                            ✓iPhone rob → iCloud iPhone Rob/icloud_iphone_rob
                               (iPhone16,2)
                            ✓iPhone Steffi → icloud_iphone_steffi/icloud_iphone_steffi
                               (iPhone17,3)
                            × Rob's iPad → Not Assigned (iPad13,1)
                            × iPad van Steffi → Not Assigned (iPad7,5)
                            × iPad kitchen → Not AssignedDisabled (iPad7,3)
12-07 06:40:21 STAGE5 ⡇━━━━━━━━━━━━━━━━━━━━━━━━━━━━━━━━━━━━━━━━━━━━━━━━━━
                                          ⡇    STAGE 5 > DEVICE CONFIGURATION SUMMARY
                                          ⡇━━━━━━━━━━━━━━━━━━━━━━━━━━━━━━━━━━━━━━━━━━━━━━━━━━
12-07 06:40:21 STAGE5  iCloud3 Device Configuration Error > iCloud iPhone Rob (icloud_iphone_rob), iCloudDevice-iPhone, Not in Apple Acct-rob@…………
12-07 06:40:21 STAGE5  iCloud iPhone Rob (icloud_iphone_rob) > iPhone, Tracked
                            • iCloud Tracking Parameters:
                                ◦ Apple Account: iCloud iPhone Rob
                                ◦ iCloud Device: ❌iPhone, Not Found in Apple Acct
                            • Mobile App Tracking Parameters:
                                ◦ MobApp Device: Iphone Rob
                                ◦ Device Tracker..: device_tracker.iphone_rob
                                ◦ Action Trigger...: iphone_rob_last_update_trigger
                                ◦ Battery Sensor..: iphone_rob_battery_level
                                ◦ Notifications.....: mobile_app_iphone_rob
                            • Other Parameters:
                                ◦ inZone Interval: 2 hrs
12-07 06:40:21 STAGE5  iCloud3 Device Configuration Error > icloud_iphone_steffi (icloud_iphone_steffi), iCloudDevice-iPhone, Not in Apple Acct-rob@…………
12-07 06:40:21 STAGE5  icloud_iphone_steffi (icloud_iphone_steffi) > iPhone, Tracked
                            • iCloud Tracking Parameters:
                                ◦ Apple Account: icloud_iphone_steffi
                                ◦ iCloud Device: ❌iPhone, Not Found in Apple Acct
                            • Mobile App Tracking Parameters:
                                ◦ MobApp Device: Iphone Steffi
                                ◦ Device Tracker..: device_tracker.iphone_steffi
                                ◦ Action Trigger...: iphone_steffi_last_update_trigger
                                ◦ Battery Sensor..: iphone_steffi_battery_level
                                ◦ Notifications.....: mobile_app_iphone_steffi
                            • Other Parameters:
                                ◦ inZone Interval: 2 hrs
12-07 06:40:21 STAGE6 ⡇━━━━━━━━━━━━━━━━━━━━━━━━━━━━━━━━━━━━━━━━━━━━━━━━━━
                                          ⡇    ICLOUD3 INITIALIZATION COMPLETE
                                          ⡇━━━━━━━━━━━━━━━━━━━━━━━━━━━━━━━━━━━━━━━━━━━━━━━━━━
12-07 06:40:21 1stLOC  Requesting Initial Locate
12-07 06:40:21 ------  iCloud3 v3.1.3 Startup Complete
12-07 06:40:25 MOBAPP  icloud_iphone_rob > MobApp Trigger > Launch@6:40:05A
12-07 06:40:25 MOBAPP ⡇━━━━━━━━━━━━━━━━━━━━━━━━━━━━━━━━━━━━━━━━━━━━━━━━━━
                                          ⡇   ICLOUD_IPHONE_ROB, MOBAPP, LAUNCH@6:40:05A 
                                          ⡇⠂⠂⠂⠂⠂⠂⠂⠂⠂⠂⠂⠂⠂⠂⠂⠂⠂⠂⠂⠂⠂⠂⠂⠂⠂⠂⠂⠂⠂⠂⠂⠂⠂⠂⠂⠂⠂
12-07 06:40:25 MOBAPP ⡇ icloud_iphone_rob > Zone > Home(1)-20.3ft > NotSet(1), GPS-(51.50256, 3.91070/±5m)
12-07 06:40:25 MOBAPP ⡇ icloud_iphone_rob > Results > NextUpdate-8:40:25a, Moved-0.0mi , Battery-100%, ×Went3km
12-07 06:40:25 MOBAPP ⡇⠂⠂⠂⠂⠂⠂⠂⠂⠂⠂⠂⠂⠂⠂⠂⠂⠂⠂⠂⠂⠂⠂⠂⠂⠂⠂⠂⠂⠂⠂⠂⠂⠂⠂⠂⠂⠂
                                          ⡇   ICLOUD_IPHONE_ROB, MOBAPP, CURRZONE-HOME 
                                          ⡇━━━━━━━━━━━━━━━━━━━━━━━━━━━━━━━━━━━━━━━━━━━━━━━━━━
12-07 06:40:25 MOBAPP  icloud_iphone_rob > Battery Info > Level-100%, Charged (MobApp)
12-07 06:40:25 MOBAPP  icloud_iphone_steffi > MobApp Trigger > Periodic@6:40:05A
12-07 06:40:25 MOBAPP ⡇━━━━━━━━━━━━━━━━━━━━━━━━━━━━━━━━━━━━━━━━━━━━━━━━━━
                                          ⡇   ICLOUD_IPHONE_STEFFI, MOBAPP, PERIODIC@6:40:05A 
                                          ⡇⠂⠂⠂⠂⠂⠂⠂⠂⠂⠂⠂⠂⠂⠂⠂⠂⠂⠂⠂⠂⠂⠂⠂⠂⠂⠂⠂⠂⠂⠂⠂⠂⠂⠂⠂⠂⠂
12-07 06:40:25 MOBAPP ⡇ icloud_iphone_steffi > Zone > Home(2)-27.8ft > GPS-(51.50257, 3.91064/±5m)
12-07 06:40:25 MOBAPP ⡇ icloud_iphone_steffi > Results > NextUpdate-8:40:25a, Moved-0.0mi , Battery-100%, ×Went3km
12-07 06:40:25 MOBAPP ⡇⠂⠂⠂⠂⠂⠂⠂⠂⠂⠂⠂⠂⠂⠂⠂⠂⠂⠂⠂⠂⠂⠂⠂⠂⠂⠂⠂⠂⠂⠂⠂⠂⠂⠂⠂⠂⠂
                                          ⡇   ICLOUD_IPHONE_STEFFI, MOBAPP, CURRZONE-HOME 
                                          ⡇━━━━━━━━━━━━━━━━━━━━━━━━━━━━━━━━━━━━━━━━━━━━━━━━━━
12-07 06:40:25 MOBAPP  icloud_iphone_steffi > Battery Info > Level-100%, Charged (MobApp)
12-07 06:45:00 ------  rob, Initialize PyiCloud Service, Set up iCloud Location Services connection
12-07 06:45:00 ------  rob, , Session file does not exist (/config/.storage/icloud3.apple_acct/robtigrounl.session)
12-07 06:45:00 ------  rob, Authenticating with Token
12-07 06:45:00 ------
🔺 ROB, POST, REQUEST,  _AUTHENTICATE_WITH_TOKEN/858
❗   items={'url': 'setup.icloud.com/setup/ws/1/accountLogin', 'retry': 0, 'json': None}
❗   data.items={'accountCountryCode': 'NLD', 'dsWebAuthToken': 'YsKyXQ……A5nMBh', 'extended_login': True, 'trustToken': 'HSARMT……g=SRVX'}
12-07 06:45:00 ------
🔻 ROB, POST, RESPONSE, _AUTHENTICATE_WITH_TOKEN/858 
❗   items={'code': 421, 'ok': False}
12-07 06:45:00 ------  rob, Authenticating with Password SRP
12-07 06:45:00 ------  rob, Authenticating with Password SRP, Send Credentials
12-07 06:45:00 ------
🔺 ROB, POST, REQUEST,  _AUTHENTICATE_WITH_PASSWORD_SRP/993
❗   items={'url': 'idmsa.apple.com/appleauth/auth/signin/init', 'retry': 0, 'json': None}
❗   data.items={'accountName': 'rob@…………', 'a': 'RKaCNX……XARg=='}
12-07 06:45:01 ------
🔻 ROB, POST, RESPONSE, _AUTHENTICATE_WITH_PASSWORD_SRP/993 
❗   items={'code': 503, 'ok': False}
12-07 06:45:01 ------
🔺 ROB, POST, REQUEST,  _AUTHENTICATE_WITH_TOKEN/858
❗   items={'url': 'setup.icloud.com/setup/ws/1/accountLogin', 'retry': 0, 'json': None}
❗   data.items={'accountCountryCode': 'NLD', 'dsWebAuthToken': 'YsKyXQ……A5nMBh', 'extended_login': True, 'trustToken': 'HSARMT……g=SRVX'}
12-07 06:45:01 ------
🔻 ROB, POST, RESPONSE, _AUTHENTICATE_WITH_TOKEN/858 
❗   items={'code': 421, 'ok': False}
12-07 06:45:01 ------  rob, Authentication Failed, Connection Error, Secure Password Validation Data was not returned from Apple. ErrorCode-503
12-07 06:45:01 iCloud3 v3.1.3
Traceback (most recent call last):
  File "/config/custom_components/icloud3/support/pyicloud_ic3.py", line 655, in __init__
    self.authenticate()
    ~~~~~~~~~~~~~~~~~^^
  File "/config/custom_components/icloud3/support/pyicloud_ic3.py", line 824, in authenticate
    raise PyiCloudFailedLoginException(err_msg)
custom_components.icloud3.support.pyicloud_ic3.PyiCloudFailedLoginException: rob, Authentication Failed, Connection Error, Secure Password Validation Data was not returned from Apple. ErrorCode-503

12-07 06:45:01 ------  Apple Acct > rob@ti…, Login Successful
12-07 06:45:01 STAGE4 ⡇━━━━━━━━━━━━━━━━━━━━━━━━━━━━━━━━━━━━━━━━━━━━━━━━━━
                                          ⡇    STAGE 4 > DATA SOURCE DEVICE ASSIGNMENT (RETRY)
                                          ⡇━━━━━━━━━━━━━━━━━━━━━━━━━━━━━━━━━━━━━━━━━━━━━━━━━━
12-07 06:45:01 STAGE4  Verify Apple Acct > rob@ti…, Verified
12-07 06:45:01 STAGE4  Apple Acct > rob@ti…, Data for a Device not returned from Apple
                            • iCloud iPhone Rob (icloud_iphone_rob) > Device-iPhone
                            • icloud_iphone_steffi (icloud_iphone_steffi) > Device-iPhone
12-07 06:45:01 STAGE4  Apple Acct > rob@ti…, 0 of 0 tracked
12-07 06:45:01 STAGE4  icloud_iphone_rob > DistTo Devices >  icloud_iphone_steffi--14.3ft
12-07 06:45:01 STAGE4  icloud_iphone_steffi > DistTo Devices >  iCloud iPhone Rob--14.3ft
12-07 06:49:55 MOBAPP  icloud_iphone_rob > Battery Info > Level-95%, NotCharging (MobApp)
12-07 06:59:55 MOBAPP  icloud_iphone_rob > Battery Info > Level-90%, NotCharging (MobApp)
12-07 07:00:00 ------  icloud_iphone_rob > DistTo Devices >  icloud_iphone_steffi--14.3ft
12-07 07:00:00 ------  icloud_iphone_steffi > DistTo Devices >  iCloud iPhone Rob--14.3ft
12-07 07:02:35 MOBAPP  icloud_iphone_steffi > MobApp Trigger > Siri@7:02:35A
12-07 07:02:35 MOBAPP ⡇━━━━━━━━━━━━━━━━━━━━━━━━━━━━━━━━━━━━━━━━━━━━━━━━━━
                                          ⡇   ICLOUD_IPHONE_STEFFI, MOBAPP, SIRI@7:02:35A 
                                          ⡇⠂⠂⠂⠂⠂⠂⠂⠂⠂⠂⠂⠂⠂⠂⠂⠂⠂⠂⠂⠂⠂⠂⠂⠂⠂⠂⠂⠂⠂⠂⠂⠂⠂⠂⠂⠂⠂
12-07 07:02:35 MOBAPP ⡇ icloud_iphone_steffi > Zone > Home(2)-27.8ft > GPS-(51.50257, 3.91064/±5m)
12-07 07:02:35 MOBAPP ⡇ icloud_iphone_steffi > Results > NextUpdate-9:02:35a, Moved-0.0mi , Battery-100%, ×Went3km
12-07 07:02:35 MOBAPP ⡇⠂⠂⠂⠂⠂⠂⠂⠂⠂⠂⠂⠂⠂⠂⠂⠂⠂⠂⠂⠂⠂⠂⠂⠂⠂⠂⠂⠂⠂⠂⠂⠂⠂⠂⠂⠂⠂
                                          ⡇   ICLOUD_IPHONE_STEFFI, MOBAPP, CURRZONE-HOME 
                                          ⡇━━━━━━━━━━━━━━━━━━━━━━━━━━━━━━━━━━━━━━━━━━━━━━━━━━
12-07 07:03:20 MOBAPP  icloud_iphone_rob > MobApp Trigger > Siri@7:03:19A
12-07 07:03:20 MOBAPP ⡇━━━━━━━━━━━━━━━━━━━━━━━━━━━━━━━━━━━━━━━━━━━━━━━━━━
                                          ⡇   ICLOUD_IPHONE_ROB, MOBAPP, SIRI@7:03:19A 
                                          ⡇⠂⠂⠂⠂⠂⠂⠂⠂⠂⠂⠂⠂⠂⠂⠂⠂⠂⠂⠂⠂⠂⠂⠂⠂⠂⠂⠂⠂⠂⠂⠂⠂⠂⠂⠂⠂⠂
12-07 07:03:20 MOBAPP ⡇ icloud_iphone_rob > Zone > Home(2)-20.3ft > GPS-(51.50256, 3.91070/±5m)
12-07 07:03:20 MOBAPP ⡇ icloud_iphone_rob > Results > NextUpdate-9:03:20a, Moved-0.0mi , Battery-90%, ×Went3km
12-07 07:03:20 MOBAPP ⡇⠂⠂⠂⠂⠂⠂⠂⠂⠂⠂⠂⠂⠂⠂⠂⠂⠂⠂⠂⠂⠂⠂⠂⠂⠂⠂⠂⠂⠂⠂⠂⠂⠂⠂⠂⠂⠂
                                          ⡇   ICLOUD_IPHONE_ROB, MOBAPP, CURRZONE-HOME 
                                          ⡇━━━━━━━━━━━━━━━━━━━━━━━━━━━━━━━━━━━━━━━━━━━━━━━━━━
12-07 07:04:55 MOBAPP  icloud_iphone_rob > Battery Info > Level-85%, NotCharging (MobApp)
12-07 07:13:15 MOBAPP  icloud_iphone_rob > MobApp Trigger > watch context@7:13:15a
12-07 07:13:15 MOBAPP ⡇━━━━━━━━━━━━━━━━━━━━━━━━━━━━━━━━━━━━━━━━━━━━━━━━━━
                                          ⡇   ICLOUD_IPHONE_ROB, MOBAPP, WATCH CONTEXT@7:13:15A 
                                          ⡇⠂⠂⠂⠂⠂⠂⠂⠂⠂⠂⠂⠂⠂⠂⠂⠂⠂⠂⠂⠂⠂⠂⠂⠂⠂⠂⠂⠂⠂⠂⠂⠂⠂⠂⠂⠂⠂
12-07 07:13:15 MOBAPP ⡇ icloud_iphone_rob > Zone > Home(2)-9.0ft > GPS-(51.50253, 3.91070/±5m)
12-07 07:13:15 MOBAPP ⡇ icloud_iphone_rob > Results > NextUpdate-9:13:15a, Moved-11.5ft , Battery-85%, ×Went3km
12-07 07:13:15 MOBAPP ⡇⠂⠂⠂⠂⠂⠂⠂⠂⠂⠂⠂⠂⠂⠂⠂⠂⠂⠂⠂⠂⠂⠂⠂⠂⠂⠂⠂⠂⠂⠂⠂⠂⠂⠂⠂⠂⠂
                                          ⡇   ICLOUD_IPHONE_ROB, MOBAPP, CURRZONE-HOME 
                                          ⡇━━━━━━━━━━━━━━━━━━━━━━━━━━━━━━━━━━━━━━━━━━━━━━━━━━
12-07 07:14:55 MOBAPP  icloud_iphone_rob > Battery Info > Level-80%, NotCharging (MobApp)
12-07 07:15:00 ------  icloud_iphone_rob > DistTo Devices >  icloud_iphone_steffi--21.5ft (12 mins)
12-07 07:15:00 ------  icloud_iphone_steffi > DistTo Devices >  iCloud iPhone Rob--21.5ft
12-07 07:19:30 MOBAPP  icloud_iphone_steffi > MobApp Trigger > Bkgnd Fetch@7:19:29a
12-07 07:19:30 MOBAPP ⡇━━━━━━━━━━━━━━━━━━━━━━━━━━━━━━━━━━━━━━━━━━━━━━━━━━
                                          ⡇   ICLOUD_IPHONE_STEFFI, MOBAPP, BKGND FETCH@7:19:29A 
                                          ⡇⠂⠂⠂⠂⠂⠂⠂⠂⠂⠂⠂⠂⠂⠂⠂⠂⠂⠂⠂⠂⠂⠂⠂⠂⠂⠂⠂⠂⠂⠂⠂⠂⠂⠂⠂⠂⠂
12-07 07:19:30 MOBAPP ⡇ icloud_iphone_steffi > Zone > Home(2)-30.5ft > GPS-(51.50256, 3.91061/±4m)
12-07 07:19:30 MOBAPP ⡇ icloud_iphone_steffi > Results > NextUpdate-9:19:30a, Moved-7.5ft , Battery-100%, ×Went3km
12-07 07:19:30 MOBAPP ⡇⠂⠂⠂⠂⠂⠂⠂⠂⠂⠂⠂⠂⠂⠂⠂⠂⠂⠂⠂⠂⠂⠂⠂⠂⠂⠂⠂⠂⠂⠂⠂⠂⠂⠂⠂⠂⠂
                                          ⡇   ICLOUD_IPHONE_STEFFI, MOBAPP, CURRZONE-HOME 
                                          ⡇━━━━━━━━━━━━━━━━━━━━━━━━━━━━━━━━━━━━━━━━━━━━━━━━━━
12-07 07:23:00 MOBAPP  icloud_iphone_rob > MobApp Trigger > Launch@7:22:55A
12-07 07:23:00 MOBAPP ⡇━━━━━━━━━━━━━━━━━━━━━━━━━━━━━━━━━━━━━━━━━━━━━━━━━━
                                          ⡇   ICLOUD_IPHONE_ROB, MOBAPP, LAUNCH@7:22:55A 
                                          ⡇⠂⠂⠂⠂⠂⠂⠂⠂⠂⠂⠂⠂⠂⠂⠂⠂⠂⠂⠂⠂⠂⠂⠂⠂⠂⠂⠂⠂⠂⠂⠂⠂⠂⠂⠂⠂⠂
12-07 07:23:00 MOBAPP ⡇ icloud_iphone_rob > Zone > Home(2)-9.0ft > GPS-(51.50253, 3.91070/±5m)
12-07 07:23:00 MOBAPP ⡇ icloud_iphone_rob > Results > NextUpdate-9:23:00a, Moved-0.0mi , Battery-80%, ×Went3km
12-07 07:23:00 MOBAPP ⡇⠂⠂⠂⠂⠂⠂⠂⠂⠂⠂⠂⠂⠂⠂⠂⠂⠂⠂⠂⠂⠂⠂⠂⠂⠂⠂⠂⠂⠂⠂⠂⠂⠂⠂⠂⠂⠂
                                          ⡇   ICLOUD_IPHONE_ROB, MOBAPP, CURRZONE-HOME 
                                          ⡇━━━━━━━━━━━━━━━━━━━━━━━━━━━━━━━━━━━━━━━━━━━━━━━━━━
12-07 07:30:00 ------  icloud_iphone_rob > DistTo Devices >  icloud_iphone_steffi--26.0ft (11 mins)
12-07 07:30:00 ------  icloud_iphone_steffi > DistTo Devices >  iCloud iPhone Rob--26.0ft
12-07 07:31:10 MOBAPP  icloud_iphone_rob > MobApp Trigger > Bkgnd Fetch@7:31:08a
12-07 07:31:10 MOBAPP ⡇━━━━━━━━━━━━━━━━━━━━━━━━━━━━━━━━━━━━━━━━━━━━━━━━━━
                                          ⡇   ICLOUD_IPHONE_ROB, MOBAPP, BKGND FETCH@7:31:08A 
                                          ⡇⠂⠂⠂⠂⠂⠂⠂⠂⠂⠂⠂⠂⠂⠂⠂⠂⠂⠂⠂⠂⠂⠂⠂⠂⠂⠂⠂⠂⠂⠂⠂⠂⠂⠂⠂⠂⠂
12-07 07:31:10 MOBAPP ⡇ icloud_iphone_rob > Zone > Home(2)-9.0ft > GPS-(51.50253, 3.91070/±5m)
12-07 07:31:10 MOBAPP ⡇ icloud_iphone_rob > Results > NextUpdate-9:31:10a, Moved-0.0mi , Battery-80%, ×Went3km
12-07 07:31:10 MOBAPP ⡇⠂⠂⠂⠂⠂⠂⠂⠂⠂⠂⠂⠂⠂⠂⠂⠂⠂⠂⠂⠂⠂⠂⠂⠂⠂⠂⠂⠂⠂⠂⠂⠂⠂⠂⠂⠂⠂
                                          ⡇   ICLOUD_IPHONE_ROB, MOBAPP, CURRZONE-HOME 
                                          ⡇━━━━━━━━━━━━━━━━━━━━━━━━━━━━━━━━━━━━━━━━━━━━━━━━━━
12-07 07:32:55 MOBAPP  icloud_iphone_rob > MobApp Trigger > Launch@7:32:52A
12-07 07:32:55 MOBAPP ⡇━━━━━━━━━━━━━━━━━━━━━━━━━━━━━━━━━━━━━━━━━━━━━━━━━━
                                          ⡇   ICLOUD_IPHONE_ROB, MOBAPP, LAUNCH@7:32:52A 
                                          ⡇⠂⠂⠂⠂⠂⠂⠂⠂⠂⠂⠂⠂⠂⠂⠂⠂⠂⠂⠂⠂⠂⠂⠂⠂⠂⠂⠂⠂⠂⠂⠂⠂⠂⠂⠂⠂⠂
12-07 07:32:55 MOBAPP ⡇ icloud_iphone_rob > Zone > Home(2)-9.0ft > GPS-(51.50253, 3.91070/±5m)
12-07 07:32:55 MOBAPP ⡇ icloud_iphone_rob > Results > NextUpdate-9:32:55a, Moved-0.0mi , Battery-80%, ×Went3km
12-07 07:32:55 MOBAPP ⡇⠂⠂⠂⠂⠂⠂⠂⠂⠂⠂⠂⠂⠂⠂⠂⠂⠂⠂⠂⠂⠂⠂⠂⠂⠂⠂⠂⠂⠂⠂⠂⠂⠂⠂⠂⠂⠂
                                          ⡇   ICLOUD_IPHONE_ROB, MOBAPP, CURRZONE-HOME 
                                          ⡇━━━━━━━━━━━━━━━━━━━━━━━━━━━━━━━━━━━━━━━━━━━━━━━━━━
12-07 07:40:00 MOBAPP  icloud_iphone_rob > Battery Info > Level-75%, NotCharging (MobApp)
12-07 07:42:50 MOBAPP  icloud_iphone_rob > MobApp Trigger > Bkgnd Fetch@7:42:46a
12-07 07:42:50 MOBAPP ⡇━━━━━━━━━━━━━━━━━━━━━━━━━━━━━━━━━━━━━━━━━━━━━━━━━━
                                          ⡇   ICLOUD_IPHONE_ROB, MOBAPP, BKGND FETCH@7:42:46A 
                                          ⡇⠂⠂⠂⠂⠂⠂⠂⠂⠂⠂⠂⠂⠂⠂⠂⠂⠂⠂⠂⠂⠂⠂⠂⠂⠂⠂⠂⠂⠂⠂⠂⠂⠂⠂⠂⠂⠂
12-07 07:42:50 MOBAPP ⡇ icloud_iphone_rob > Zone > Home(2)-9.0ft > GPS-(51.50253, 3.91070/±5m)
12-07 07:42:50 MOBAPP ⡇ icloud_iphone_rob > Results > NextUpdate-9:42:50a, Moved-0.0mi , Battery-75%, ×Went3km
12-07 07:42:50 MOBAPP ⡇⠂⠂⠂⠂⠂⠂⠂⠂⠂⠂⠂⠂⠂⠂⠂⠂⠂⠂⠂⠂⠂⠂⠂⠂⠂⠂⠂⠂⠂⠂⠂⠂⠂⠂⠂⠂⠂
                                          ⡇   ICLOUD_IPHONE_ROB, MOBAPP, CURRZONE-HOME 
                                          ⡇━━━━━━━━━━━━━━━━━━━━━━━━━━━━━━━━━━━━━━━━━━━━━━━━━━
12-07 07:45:00 ------  icloud_iphone_rob > DistTo Devices >  icloud_iphone_steffi--26.0ft (26 mins)
12-07 07:45:00 ------  icloud_iphone_steffi > DistTo Devices >  iCloud iPhone Rob--26.0ft
12-07 07:50:05 MOBAPP  icloud_iphone_rob > MobApp Trigger > Launch@7:50:05A
12-07 07:50:05 MOBAPP ⡇━━━━━━━━━━━━━━━━━━━━━━━━━━━━━━━━━━━━━━━━━━━━━━━━━━
                                          ⡇   ICLOUD_IPHONE_ROB, MOBAPP, LAUNCH@7:50:05A 
                                          ⡇⠂⠂⠂⠂⠂⠂⠂⠂⠂⠂⠂⠂⠂⠂⠂⠂⠂⠂⠂⠂⠂⠂⠂⠂⠂⠂⠂⠂⠂⠂⠂⠂⠂⠂⠂⠂⠂
12-07 07:50:05 MOBAPP ⡇ icloud_iphone_rob > Zone > Home(2)-9.0ft > GPS-(51.50253, 3.91070/±5m)
12-07 07:50:05 MOBAPP ⡇ icloud_iphone_rob > Results > NextUpdate-9:50:05a, Moved-0.0mi , Battery-75%, ×Went3km
12-07 07:50:05 MOBAPP ⡇⠂⠂⠂⠂⠂⠂⠂⠂⠂⠂⠂⠂⠂⠂⠂⠂⠂⠂⠂⠂⠂⠂⠂⠂⠂⠂⠂⠂⠂⠂⠂⠂⠂⠂⠂⠂⠂
                                          ⡇   ICLOUD_IPHONE_ROB, MOBAPP, CURRZONE-HOME 
                                          ⡇━━━━━━━━━━━━━━━━━━━━━━━━━━━━━━━━━━━━━━━━━━━━━━━━━━
12-07 07:56:50 MOBAPP  icloud_iphone_rob > MobApp Trigger > Launch@7:56:48A
12-07 07:56:50 MOBAPP ⡇━━━━━━━━━━━━━━━━━━━━━━━━━━━━━━━━━━━━━━━━━━━━━━━━━━
                                          ⡇   ICLOUD_IPHONE_ROB, MOBAPP, LAUNCH@7:56:48A 
                                          ⡇⠂⠂⠂⠂⠂⠂⠂⠂⠂⠂⠂⠂⠂⠂⠂⠂⠂⠂⠂⠂⠂⠂⠂⠂⠂⠂⠂⠂⠂⠂⠂⠂⠂⠂⠂⠂⠂
12-07 07:56:50 MOBAPP ⡇ icloud_iphone_rob > Zone > Home(2)-9.0ft > GPS-(51.50253, 3.91070/±5m)
12-07 07:56:50 MOBAPP ⡇ icloud_iphone_rob > Results > NextUpdate-9:56:50a, Moved-0.0mi , Battery-75%, ×Went3km
12-07 07:56:50 MOBAPP ⡇⠂⠂⠂⠂⠂⠂⠂⠂⠂⠂⠂⠂⠂⠂⠂⠂⠂⠂⠂⠂⠂⠂⠂⠂⠂⠂⠂⠂⠂⠂⠂⠂⠂⠂⠂⠂⠂
                                          ⡇   ICLOUD_IPHONE_ROB, MOBAPP, CURRZONE-HOME 
                                          ⡇━━━━━━━━━━━━━━━━━━━━━━━━━━━━━━━━━━━━━━━━━━━━━━━━━━
12-07 08:00:00 ------  icloud_iphone_rob > DistTo Devices >  icloud_iphone_steffi--26.0ft (41 mins)
12-07 08:00:00 ------  icloud_iphone_steffi > DistTo Devices >  iCloud iPhone Rob--26.0ft
12-07 08:04:45 MOBAPP  icloud_iphone_rob > MobApp Trigger > Launch@8:04:44A
12-07 08:04:45 MOBAPP ⡇━━━━━━━━━━━━━━━━━━━━━━━━━━━━━━━━━━━━━━━━━━━━━━━━━━
                                          ⡇   ICLOUD_IPHONE_ROB, MOBAPP, LAUNCH@8:04:44A 
                                          ⡇⠂⠂⠂⠂⠂⠂⠂⠂⠂⠂⠂⠂⠂⠂⠂⠂⠂⠂⠂⠂⠂⠂⠂⠂⠂⠂⠂⠂⠂⠂⠂⠂⠂⠂⠂⠂⠂
12-07 08:04:45 MOBAPP ⡇ icloud_iphone_rob > Zone > Home(2)-9.0ft > GPS-(51.50253, 3.91070/±5m)
12-07 08:04:45 MOBAPP ⡇ icloud_iphone_rob > Results > NextUpdate-10:04:45a, Moved-0.0mi , Battery-75%, ×Went3km
12-07 08:04:45 MOBAPP ⡇⠂⠂⠂⠂⠂⠂⠂⠂⠂⠂⠂⠂⠂⠂⠂⠂⠂⠂⠂⠂⠂⠂⠂⠂⠂⠂⠂⠂⠂⠂⠂⠂⠂⠂⠂⠂⠂
                                          ⡇   ICLOUD_IPHONE_ROB, MOBAPP, CURRZONE-HOME 
                                          ⡇━━━━━━━━━━━━━━━━━━━━━━━━━━━━━━━━━━━━━━━━━━━━━━━━━━
12-07 08:04:45 MOBAPP  icloud_iphone_rob > Battery Info > Level-70%, NotCharging (MobApp)
12-07 08:15:00 ------  icloud_iphone_rob > DistTo Devices >  icloud_iphone_steffi--26.0ft (56 mins)
12-07 08:15:00 ------  icloud_iphone_steffi > DistTo Devices >  iCloud iPhone Rob--26.0ft
12-07 08:18:50 MOBAPP  icloud_iphone_rob > MobApp Trigger > Bkgnd Fetch@8:18:48a
12-07 08:18:50 MOBAPP ⡇━━━━━━━━━━━━━━━━━━━━━━━━━━━━━━━━━━━━━━━━━━━━━━━━━━
                                          ⡇   ICLOUD_IPHONE_ROB, MOBAPP, BKGND FETCH@8:18:48A 
                                          ⡇⠂⠂⠂⠂⠂⠂⠂⠂⠂⠂⠂⠂⠂⠂⠂⠂⠂⠂⠂⠂⠂⠂⠂⠂⠂⠂⠂⠂⠂⠂⠂⠂⠂⠂⠂⠂⠂
12-07 08:18:50 MOBAPP ⡇ icloud_iphone_rob > Zone > Home(2)-21.4ft > GPS-(51.50256, 3.91073/±4m)
12-07 08:18:50 MOBAPP ⡇ icloud_iphone_rob > Results > NextUpdate-10:18:50a, Moved-12.6ft , Battery-70%, ×Went3km
12-07 08:18:50 MOBAPP ⡇⠂⠂⠂⠂⠂⠂⠂⠂⠂⠂⠂⠂⠂⠂⠂⠂⠂⠂⠂⠂⠂⠂⠂⠂⠂⠂⠂⠂⠂⠂⠂⠂⠂⠂⠂⠂⠂
                                          ⡇   ICLOUD_IPHONE_ROB, MOBAPP, CURRZONE-HOME 
                                          ⡇━━━━━━━━━━━━━━━━━━━━━━━━━━━━━━━━━━━━━━━━━━━━━━━━━━
12-07 08:30:00 ------  icloud_iphone_rob > DistTo Devices >  icloud_iphone_steffi--27.7ft (1.2 hrs)
12-07 08:30:00 ------  icloud_iphone_steffi > DistTo Devices >  iCloud iPhone Rob--27.7ft
12-07 08:35:55 MOBAPP  icloud_iphone_steffi > MobApp Trigger > Signaled@8:35:51A
12-07 08:35:55 MOBAPP ⡇━━━━━━━━━━━━━━━━━━━━━━━━━━━━━━━━━━━━━━━━━━━━━━━━━━
                                          ⡇   ICLOUD_IPHONE_STEFFI, MOBAPP, SIGNALED@8:35:51A 
                                          ⡇⠂⠂⠂⠂⠂⠂⠂⠂⠂⠂⠂⠂⠂⠂⠂⠂⠂⠂⠂⠂⠂⠂⠂⠂⠂⠂⠂⠂⠂⠂⠂⠂⠂⠂⠂⠂⠂
12-07 08:35:55 MOBAPP ⡇ icloud_iphone_steffi > Zone > Home(2)-30.5ft > GPS-(51.50256, 3.91061/±4m)
12-07 08:35:55 MOBAPP ⡇ icloud_iphone_steffi > Results > NextUpdate-10:35:55a, Moved-0.0mi , Battery-100%, ×Went3km
12-07 08:35:55 MOBAPP ⡇⠂⠂⠂⠂⠂⠂⠂⠂⠂⠂⠂⠂⠂⠂⠂⠂⠂⠂⠂⠂⠂⠂⠂⠂⠂⠂⠂⠂⠂⠂⠂⠂⠂⠂⠂⠂⠂
                                          ⡇   ICLOUD_IPHONE_STEFFI, MOBAPP, CURRZONE-HOME 
                                          ⡇━━━━━━━━━━━━━━━━━━━━━━━━━━━━━━━━━━━━━━━━━━━━━━━━━━
12-07 08:45:00 ------  icloud_iphone_rob > DistTo Devices >  icloud_iphone_steffi--27.7ft
12-07 08:45:00 ------  icloud_iphone_steffi > DistTo Devices >  iCloud iPhone Rob--27.7ft (26 mins)
12-07 08:46:10 MOBAPP  icloud_iphone_rob > MobApp Trigger > Bkgnd Fetch@8:46:08a
12-07 08:46:10 MOBAPP ⡇━━━━━━━━━━━━━━━━━━━━━━━━━━━━━━━━━━━━━━━━━━━━━━━━━━
                                          ⡇   ICLOUD_IPHONE_ROB, MOBAPP, BKGND FETCH@8:46:08A 
                                          ⡇⠂⠂⠂⠂⠂⠂⠂⠂⠂⠂⠂⠂⠂⠂⠂⠂⠂⠂⠂⠂⠂⠂⠂⠂⠂⠂⠂⠂⠂⠂⠂⠂⠂⠂⠂⠂⠂
12-07 08:46:10 MOBAPP ⡇ icloud_iphone_rob > Zone > Home(2)-9.0ft > GPS-(51.50253, 3.91070/±5m)
12-07 08:46:10 MOBAPP ⡇ icloud_iphone_rob > Results > NextUpdate-10:46:10a, Moved-12.6ft , Battery-70%, ×Went3km
12-07 08:46:10 MOBAPP ⡇⠂⠂⠂⠂⠂⠂⠂⠂⠂⠂⠂⠂⠂⠂⠂⠂⠂⠂⠂⠂⠂⠂⠂⠂⠂⠂⠂⠂⠂⠂⠂⠂⠂⠂⠂⠂⠂
                                          ⡇   ICLOUD_IPHONE_ROB, MOBAPP, CURRZONE-HOME 
                                          ⡇━━━━━━━━━━━━━━━━━━━━━━━━━━━━━━━━━━━━━━━━━━━━━━━━━━
12-07 09:00:00 ------  icloud_iphone_rob > DistTo Devices >  icloud_iphone_steffi--26.0ft (24 mins)
12-07 09:00:00 ------  icloud_iphone_steffi > DistTo Devices >  iCloud iPhone Rob--26.0ft
12-07 09:02:30 MOBAPP  icloud_iphone_rob > MobApp Trigger > watch context@9:02:30a
12-07 09:02:30 MOBAPP ⡇━━━━━━━━━━━━━━━━━━━━━━━━━━━━━━━━━━━━━━━━━━━━━━━━━━
                                          ⡇   ICLOUD_IPHONE_ROB, MOBAPP, WATCH CONTEXT@9:02:30A 
                                          ⡇⠂⠂⠂⠂⠂⠂⠂⠂⠂⠂⠂⠂⠂⠂⠂⠂⠂⠂⠂⠂⠂⠂⠂⠂⠂⠂⠂⠂⠂⠂⠂⠂⠂⠂⠂⠂⠂
12-07 09:02:30 MOBAPP ⡇ icloud_iphone_rob > Zone > Home(2)-9.0ft > GPS-(51.50253, 3.91070/±5m)
12-07 09:02:30 MOBAPP ⡇ icloud_iphone_rob > Results > NextUpdate-11:02:30a, Moved-0.0mi , Battery-70%, ×Went3km
12-07 09:02:30 MOBAPP ⡇⠂⠂⠂⠂⠂⠂⠂⠂⠂⠂⠂⠂⠂⠂⠂⠂⠂⠂⠂⠂⠂⠂⠂⠂⠂⠂⠂⠂⠂⠂⠂⠂⠂⠂⠂⠂⠂
                                          ⡇   ICLOUD_IPHONE_ROB, MOBAPP, CURRZONE-HOME 
                                          ⡇━━━━━━━━━━━━━━━━━━━━━━━━━━━━━━━━━━━━━━━━━━━━━━━━━━
